The system is: Darwin - 20.6.0 - x86_64
Compiling the CXX compiler identification source file "CMakeCXXCompilerId.cpp" succeeded.
Compiler: /Library/Developer/CommandLineTools/usr/bin/c++ 
Build flags: 
Id flags: -c 

The output was:
0


Compilation of the CXX compiler identification source "CMakeCXXCompilerId.cpp" produced "CMakeCXXCompilerId.o"

The CXX compiler identification is AppleClang, found in "/Users/robin.baertschi/projects/quiltprojectgen/build/osx-debug/CMakeFiles/3.23.1/CompilerIdCXX/CMakeCXXCompilerId.o"

Detecting CXX compiler ABI info compiled with the following output:
Change Dir: /Users/robin.baertschi/projects/quiltprojectgen/build/osx-debug/CMakeFiles/CMakeTmp

Run Build Command(s):/usr/bin/make -f Makefile cmTC_7900e/fast && /Library/Developer/CommandLineTools/usr/bin/make  -f CMakeFiles/cmTC_7900e.dir/build.make CMakeFiles/cmTC_7900e.dir/build
Building CXX object CMakeFiles/cmTC_7900e.dir/CMakeCXXCompilerABI.cpp.o
/Library/Developer/CommandLineTools/usr/bin/c++   -isysroot /Library/Developer/CommandLineTools/SDKs/MacOSX11.3.sdk   -v -Wl,-v -MD -MT CMakeFiles/cmTC_7900e.dir/CMakeCXXCompilerABI.cpp.o -MF CMakeFiles/cmTC_7900e.dir/CMakeCXXCompilerABI.cpp.o.d -o CMakeFiles/cmTC_7900e.dir/CMakeCXXCompilerABI.cpp.o -c /usr/local/Cellar/cmake/3.23.1/share/cmake/Modules/CMakeCXXCompilerABI.cpp
Apple clang version 13.0.0 (clang-1300.0.29.3)
Target: x86_64-apple-darwin20.6.0
Thread model: posix
InstalledDir: /Library/Developer/CommandLineTools/usr/bin
clang: warning: -Wl,-v: 'linker' input unused [-Wunused-command-line-argument]
 "/Library/Developer/CommandLineTools/usr/bin/clang" -cc1 -triple x86_64-apple-macosx11.0.0 -Wundef-prefix=TARGET_OS_ -Wdeprecated-objc-isa-usage -Werror=deprecated-objc-isa-usage -Werror=implicit-function-declaration -emit-obj -mrelax-all --mrelax-relocations -disable-free -disable-llvm-verifier -discard-value-names -main-file-name CMakeCXXCompilerABI.cpp -mrelocation-model pic -pic-level 2 -mframe-pointer=all -fno-strict-return -fno-rounding-math -munwind-tables -target-sdk-version=11.3 -fvisibility-inlines-hidden-static-local-var -target-cpu penryn -tune-cpu generic -debugger-tuning=lldb -target-linker-version 711 -v -resource-dir /Library/Developer/CommandLineTools/usr/lib/clang/13.0.0 -dependency-file CMakeFiles/cmTC_7900e.dir/CMakeCXXCompilerABI.cpp.o.d -skip-unused-modulemap-deps -MT CMakeFiles/cmTC_7900e.dir/CMakeCXXCompilerABI.cpp.o -sys-header-deps -isysroot /Library/Developer/CommandLineTools/SDKs/MacOSX11.3.sdk -stdlib=libc++ -internal-isystem /Library/Developer/CommandLineTools/SDKs/MacOSX11.3.sdk/usr/include/c++/v1 -internal-isystem /Library/Developer/CommandLineTools/SDKs/MacOSX11.3.sdk/usr/local/include -internal-isystem /Library/Developer/CommandLineTools/usr/lib/clang/13.0.0/include -internal-externc-isystem /Library/Developer/CommandLineTools/SDKs/MacOSX11.3.sdk/usr/include -internal-externc-isystem /Library/Developer/CommandLineTools/usr/include -Wno-reorder-init-list -Wno-implicit-int-float-conversion -Wno-c99-designator -Wno-final-dtor-non-final-class -Wno-extra-semi-stmt -Wno-misleading-indentation -Wno-quoted-include-in-framework-header -Wno-implicit-fallthrough -Wno-enum-enum-conversion -Wno-enum-float-conversion -Wno-elaborated-enum-base -fdeprecated-macro -fdebug-compilation-dir /Users/robin.baertschi/projects/quiltprojectgen/build/osx-debug/CMakeFiles/CMakeTmp -ferror-limit 19 -stack-protector 1 -fstack-check -mdarwin-stkchk-strong-link -fblocks -fencode-extended-block-signature -fregister-global-dtors-with-atexit -fgnuc-version=4.2.1 -fno-cxx-modules -fcxx-exceptions -fexceptions -fmax-type-align=16 -fcommon -clang-vendor-feature=+nullptrToBoolConversion -clang-vendor-feature=+messageToSelfInClassMethodIdReturnType -clang-vendor-feature=+disableInferNewAvailabilityFromInit -clang-vendor-feature=+disableNeonImmediateRangeCheck -clang-vendor-feature=+disableNonDependentMemberExprInCurrentInstantiation -fno-odr-hash-protocols -clang-vendor-feature=+revert09abecef7bbf -mllvm -disable-aligned-alloc-awareness=1 -mllvm -enable-dse-memoryssa=0 -o CMakeFiles/cmTC_7900e.dir/CMakeCXXCompilerABI.cpp.o -x c++ /usr/local/Cellar/cmake/3.23.1/share/cmake/Modules/CMakeCXXCompilerABI.cpp
clang -cc1 version 13.0.0 (clang-1300.0.29.3) default target x86_64-apple-darwin20.6.0
ignoring nonexistent directory "/Library/Developer/CommandLineTools/SDKs/MacOSX11.3.sdk/usr/local/include"
ignoring nonexistent directory "/Library/Developer/CommandLineTools/SDKs/MacOSX11.3.sdk/Library/Frameworks"
#include "..." search starts here:
#include <...> search starts here:
 /Library/Developer/CommandLineTools/SDKs/MacOSX11.3.sdk/usr/include/c++/v1
 /Library/Developer/CommandLineTools/usr/lib/clang/13.0.0/include
 /Library/Developer/CommandLineTools/SDKs/MacOSX11.3.sdk/usr/include
 /Library/Developer/CommandLineTools/usr/include
 /Library/Developer/CommandLineTools/SDKs/MacOSX11.3.sdk/System/Library/Frameworks (framework directory)
End of search list.
Linking CXX executable cmTC_7900e
/usr/local/Cellar/cmake/3.23.1/bin/cmake -E cmake_link_script CMakeFiles/cmTC_7900e.dir/link.txt --verbose=1
/Library/Developer/CommandLineTools/usr/bin/c++  -isysroot /Library/Developer/CommandLineTools/SDKs/MacOSX11.3.sdk -Wl,-search_paths_first -Wl,-headerpad_max_install_names  -v -Wl,-v CMakeFiles/cmTC_7900e.dir/CMakeCXXCompilerABI.cpp.o -o cmTC_7900e 
Apple clang version 13.0.0 (clang-1300.0.29.3)
Target: x86_64-apple-darwin20.6.0
Thread model: posix
InstalledDir: /Library/Developer/CommandLineTools/usr/bin
 "/Library/Developer/CommandLineTools/usr/bin/ld" -demangle -lto_library /Library/Developer/CommandLineTools/usr/lib/libLTO.dylib -dynamic -arch x86_64 -platform_version macos 11.0.0 11.3 -syslibroot /Library/Developer/CommandLineTools/SDKs/MacOSX11.3.sdk -o cmTC_7900e -search_paths_first -headerpad_max_install_names -v CMakeFiles/cmTC_7900e.dir/CMakeCXXCompilerABI.cpp.o -lc++ -lSystem /Library/Developer/CommandLineTools/usr/lib/clang/13.0.0/lib/darwin/libclang_rt.osx.a
@(#)PROGRAM:ld  PROJECT:ld64-711
BUILD 14:59:24 Aug 21 2021
configured to support archs: armv6 armv7 armv7s arm64 arm64e arm64_32 i386 x86_64 x86_64h armv6m armv7k armv7m armv7em
Library search paths:
	/Library/Developer/CommandLineTools/SDKs/MacOSX11.3.sdk/usr/lib
Framework search paths:
	/Library/Developer/CommandLineTools/SDKs/MacOSX11.3.sdk/System/Library/Frameworks/



Parsed CXX implicit include dir info from above output: rv=done
  found start of include info
  found start of implicit include info
    add: [/Library/Developer/CommandLineTools/SDKs/MacOSX11.3.sdk/usr/include/c++/v1]
    add: [/Library/Developer/CommandLineTools/usr/lib/clang/13.0.0/include]
    add: [/Library/Developer/CommandLineTools/SDKs/MacOSX11.3.sdk/usr/include]
    add: [/Library/Developer/CommandLineTools/usr/include]
  end of search list found
  collapse include dir [/Library/Developer/CommandLineTools/SDKs/MacOSX11.3.sdk/usr/include/c++/v1] ==> [/Library/Developer/CommandLineTools/SDKs/MacOSX11.3.sdk/usr/include/c++/v1]
  collapse include dir [/Library/Developer/CommandLineTools/usr/lib/clang/13.0.0/include] ==> [/Library/Developer/CommandLineTools/usr/lib/clang/13.0.0/include]
  collapse include dir [/Library/Developer/CommandLineTools/SDKs/MacOSX11.3.sdk/usr/include] ==> [/Library/Developer/CommandLineTools/SDKs/MacOSX11.3.sdk/usr/include]
  collapse include dir [/Library/Developer/CommandLineTools/usr/include] ==> [/Library/Developer/CommandLineTools/usr/include]
  implicit include dirs: [/Library/Developer/CommandLineTools/SDKs/MacOSX11.3.sdk/usr/include/c++/v1;/Library/Developer/CommandLineTools/usr/lib/clang/13.0.0/include;/Library/Developer/CommandLineTools/SDKs/MacOSX11.3.sdk/usr/include;/Library/Developer/CommandLineTools/usr/include]


Parsed CXX implicit link information from above output:
  link line regex: [^( *|.*[/\])(ld|CMAKE_LINK_STARTFILE-NOTFOUND|([^/\]+-)?ld|collect2)[^/\]*( |$)]
  ignore line: [Change Dir: /Users/robin.baertschi/projects/quiltprojectgen/build/osx-debug/CMakeFiles/CMakeTmp]
  ignore line: []
  ignore line: [Run Build Command(s):/usr/bin/make -f Makefile cmTC_7900e/fast && /Library/Developer/CommandLineTools/usr/bin/make  -f CMakeFiles/cmTC_7900e.dir/build.make CMakeFiles/cmTC_7900e.dir/build]
  ignore line: [Building CXX object CMakeFiles/cmTC_7900e.dir/CMakeCXXCompilerABI.cpp.o]
  ignore line: [/Library/Developer/CommandLineTools/usr/bin/c++   -isysroot /Library/Developer/CommandLineTools/SDKs/MacOSX11.3.sdk   -v -Wl -v -MD -MT CMakeFiles/cmTC_7900e.dir/CMakeCXXCompilerABI.cpp.o -MF CMakeFiles/cmTC_7900e.dir/CMakeCXXCompilerABI.cpp.o.d -o CMakeFiles/cmTC_7900e.dir/CMakeCXXCompilerABI.cpp.o -c /usr/local/Cellar/cmake/3.23.1/share/cmake/Modules/CMakeCXXCompilerABI.cpp]
  ignore line: [Apple clang version 13.0.0 (clang-1300.0.29.3)]
  ignore line: [Target: x86_64-apple-darwin20.6.0]
  ignore line: [Thread model: posix]
  ignore line: [InstalledDir: /Library/Developer/CommandLineTools/usr/bin]
  ignore line: [clang: warning: -Wl -v: 'linker' input unused [-Wunused-command-line-argument]]
  ignore line: [ "/Library/Developer/CommandLineTools/usr/bin/clang" -cc1 -triple x86_64-apple-macosx11.0.0 -Wundef-prefix=TARGET_OS_ -Wdeprecated-objc-isa-usage -Werror=deprecated-objc-isa-usage -Werror=implicit-function-declaration -emit-obj -mrelax-all --mrelax-relocations -disable-free -disable-llvm-verifier -discard-value-names -main-file-name CMakeCXXCompilerABI.cpp -mrelocation-model pic -pic-level 2 -mframe-pointer=all -fno-strict-return -fno-rounding-math -munwind-tables -target-sdk-version=11.3 -fvisibility-inlines-hidden-static-local-var -target-cpu penryn -tune-cpu generic -debugger-tuning=lldb -target-linker-version 711 -v -resource-dir /Library/Developer/CommandLineTools/usr/lib/clang/13.0.0 -dependency-file CMakeFiles/cmTC_7900e.dir/CMakeCXXCompilerABI.cpp.o.d -skip-unused-modulemap-deps -MT CMakeFiles/cmTC_7900e.dir/CMakeCXXCompilerABI.cpp.o -sys-header-deps -isysroot /Library/Developer/CommandLineTools/SDKs/MacOSX11.3.sdk -stdlib=libc++ -internal-isystem /Library/Developer/CommandLineTools/SDKs/MacOSX11.3.sdk/usr/include/c++/v1 -internal-isystem /Library/Developer/CommandLineTools/SDKs/MacOSX11.3.sdk/usr/local/include -internal-isystem /Library/Developer/CommandLineTools/usr/lib/clang/13.0.0/include -internal-externc-isystem /Library/Developer/CommandLineTools/SDKs/MacOSX11.3.sdk/usr/include -internal-externc-isystem /Library/Developer/CommandLineTools/usr/include -Wno-reorder-init-list -Wno-implicit-int-float-conversion -Wno-c99-designator -Wno-final-dtor-non-final-class -Wno-extra-semi-stmt -Wno-misleading-indentation -Wno-quoted-include-in-framework-header -Wno-implicit-fallthrough -Wno-enum-enum-conversion -Wno-enum-float-conversion -Wno-elaborated-enum-base -fdeprecated-macro -fdebug-compilation-dir /Users/robin.baertschi/projects/quiltprojectgen/build/osx-debug/CMakeFiles/CMakeTmp -ferror-limit 19 -stack-protector 1 -fstack-check -mdarwin-stkchk-strong-link -fblocks -fencode-extended-block-signature -fregister-global-dtors-with-atexit -fgnuc-version=4.2.1 -fno-cxx-modules -fcxx-exceptions -fexceptions -fmax-type-align=16 -fcommon -clang-vendor-feature=+nullptrToBoolConversion -clang-vendor-feature=+messageToSelfInClassMethodIdReturnType -clang-vendor-feature=+disableInferNewAvailabilityFromInit -clang-vendor-feature=+disableNeonImmediateRangeCheck -clang-vendor-feature=+disableNonDependentMemberExprInCurrentInstantiation -fno-odr-hash-protocols -clang-vendor-feature=+revert09abecef7bbf -mllvm -disable-aligned-alloc-awareness=1 -mllvm -enable-dse-memoryssa=0 -o CMakeFiles/cmTC_7900e.dir/CMakeCXXCompilerABI.cpp.o -x c++ /usr/local/Cellar/cmake/3.23.1/share/cmake/Modules/CMakeCXXCompilerABI.cpp]
  ignore line: [clang -cc1 version 13.0.0 (clang-1300.0.29.3) default target x86_64-apple-darwin20.6.0]
  ignore line: [ignoring nonexistent directory "/Library/Developer/CommandLineTools/SDKs/MacOSX11.3.sdk/usr/local/include"]
  ignore line: [ignoring nonexistent directory "/Library/Developer/CommandLineTools/SDKs/MacOSX11.3.sdk/Library/Frameworks"]
  ignore line: [#include "..." search starts here:]
  ignore line: [#include <...> search starts here:]
  ignore line: [ /Library/Developer/CommandLineTools/SDKs/MacOSX11.3.sdk/usr/include/c++/v1]
  ignore line: [ /Library/Developer/CommandLineTools/usr/lib/clang/13.0.0/include]
  ignore line: [ /Library/Developer/CommandLineTools/SDKs/MacOSX11.3.sdk/usr/include]
  ignore line: [ /Library/Developer/CommandLineTools/usr/include]
  ignore line: [ /Library/Developer/CommandLineTools/SDKs/MacOSX11.3.sdk/System/Library/Frameworks (framework directory)]
  ignore line: [End of search list.]
  ignore line: [Linking CXX executable cmTC_7900e]
  ignore line: [/usr/local/Cellar/cmake/3.23.1/bin/cmake -E cmake_link_script CMakeFiles/cmTC_7900e.dir/link.txt --verbose=1]
  ignore line: [/Library/Developer/CommandLineTools/usr/bin/c++  -isysroot /Library/Developer/CommandLineTools/SDKs/MacOSX11.3.sdk -Wl -search_paths_first -Wl -headerpad_max_install_names  -v -Wl -v CMakeFiles/cmTC_7900e.dir/CMakeCXXCompilerABI.cpp.o -o cmTC_7900e ]
  ignore line: [Apple clang version 13.0.0 (clang-1300.0.29.3)]
  ignore line: [Target: x86_64-apple-darwin20.6.0]
  ignore line: [Thread model: posix]
  ignore line: [InstalledDir: /Library/Developer/CommandLineTools/usr/bin]
  link line: [ "/Library/Developer/CommandLineTools/usr/bin/ld" -demangle -lto_library /Library/Developer/CommandLineTools/usr/lib/libLTO.dylib -dynamic -arch x86_64 -platform_version macos 11.0.0 11.3 -syslibroot /Library/Developer/CommandLineTools/SDKs/MacOSX11.3.sdk -o cmTC_7900e -search_paths_first -headerpad_max_install_names -v CMakeFiles/cmTC_7900e.dir/CMakeCXXCompilerABI.cpp.o -lc++ -lSystem /Library/Developer/CommandLineTools/usr/lib/clang/13.0.0/lib/darwin/libclang_rt.osx.a]
    arg [/Library/Developer/CommandLineTools/usr/bin/ld] ==> ignore
    arg [-demangle] ==> ignore
    arg [-lto_library] ==> ignore, skip following value
    arg [/Library/Developer/CommandLineTools/usr/lib/libLTO.dylib] ==> skip value of -lto_library
    arg [-dynamic] ==> ignore
    arg [-arch] ==> ignore
    arg [x86_64] ==> ignore
    arg [-platform_version] ==> ignore
    arg [macos] ==> ignore
    arg [11.0.0] ==> ignore
    arg [11.3] ==> ignore
    arg [-syslibroot] ==> ignore
    arg [/Library/Developer/CommandLineTools/SDKs/MacOSX11.3.sdk] ==> ignore
    arg [-o] ==> ignore
    arg [cmTC_7900e] ==> ignore
    arg [-search_paths_first] ==> ignore
    arg [-headerpad_max_install_names] ==> ignore
    arg [-v] ==> ignore
    arg [CMakeFiles/cmTC_7900e.dir/CMakeCXXCompilerABI.cpp.o] ==> ignore
    arg [-lc++] ==> lib [c++]
    arg [-lSystem] ==> lib [System]
    arg [/Library/Developer/CommandLineTools/usr/lib/clang/13.0.0/lib/darwin/libclang_rt.osx.a] ==> lib [/Library/Developer/CommandLineTools/usr/lib/clang/13.0.0/lib/darwin/libclang_rt.osx.a]
  Library search paths: [;/Library/Developer/CommandLineTools/SDKs/MacOSX11.3.sdk/usr/lib]
  Framework search paths: [;/Library/Developer/CommandLineTools/SDKs/MacOSX11.3.sdk/System/Library/Frameworks/]
  remove lib [System]
  remove lib [/Library/Developer/CommandLineTools/usr/lib/clang/13.0.0/lib/darwin/libclang_rt.osx.a]
  collapse library dir [/Library/Developer/CommandLineTools/SDKs/MacOSX11.3.sdk/usr/lib] ==> [/Library/Developer/CommandLineTools/SDKs/MacOSX11.3.sdk/usr/lib]
  collapse framework dir [/Library/Developer/CommandLineTools/SDKs/MacOSX11.3.sdk/System/Library/Frameworks/] ==> [/Library/Developer/CommandLineTools/SDKs/MacOSX11.3.sdk/System/Library/Frameworks]
  implicit libs: [c++]
  implicit objs: []
  implicit dirs: [/Library/Developer/CommandLineTools/SDKs/MacOSX11.3.sdk/usr/lib]
  implicit fwks: [/Library/Developer/CommandLineTools/SDKs/MacOSX11.3.sdk/System/Library/Frameworks]


Compiling the C compiler identification source file "CMakeCCompilerId.c" succeeded.
Compiler: /Library/Developer/CommandLineTools/usr/bin/cc 
Build flags: 
Id flags: -c 

The output was:
0


Compilation of the C compiler identification source "CMakeCCompilerId.c" produced "CMakeCCompilerId.o"

The C compiler identification is AppleClang, found in "/Users/robin.baertschi/projects/quiltprojectgen/build/osx-debug/CMakeFiles/3.23.1/CompilerIdC/CMakeCCompilerId.o"

Detecting C compiler ABI info compiled with the following output:
Change Dir: /Users/robin.baertschi/projects/quiltprojectgen/build/osx-debug/CMakeFiles/CMakeTmp

Run Build Command(s):/usr/bin/make -f Makefile cmTC_65970/fast && /Library/Developer/CommandLineTools/usr/bin/make  -f CMakeFiles/cmTC_65970.dir/build.make CMakeFiles/cmTC_65970.dir/build
Building C object CMakeFiles/cmTC_65970.dir/CMakeCCompilerABI.c.o
/Library/Developer/CommandLineTools/usr/bin/cc   -isysroot /Library/Developer/CommandLineTools/SDKs/MacOSX11.3.sdk   -v -Wl,-v -MD -MT CMakeFiles/cmTC_65970.dir/CMakeCCompilerABI.c.o -MF CMakeFiles/cmTC_65970.dir/CMakeCCompilerABI.c.o.d -o CMakeFiles/cmTC_65970.dir/CMakeCCompilerABI.c.o -c /usr/local/Cellar/cmake/3.23.1/share/cmake/Modules/CMakeCCompilerABI.c
Apple clang version 13.0.0 (clang-1300.0.29.3)
Target: x86_64-apple-darwin20.6.0
Thread model: posix
InstalledDir: /Library/Developer/CommandLineTools/usr/bin
clang: warning: -Wl,-v: 'linker' input unused [-Wunused-command-line-argument]
 "/Library/Developer/CommandLineTools/usr/bin/clang" -cc1 -triple x86_64-apple-macosx11.0.0 -Wundef-prefix=TARGET_OS_ -Wdeprecated-objc-isa-usage -Werror=deprecated-objc-isa-usage -Werror=implicit-function-declaration -emit-obj -mrelax-all --mrelax-relocations -disable-free -disable-llvm-verifier -discard-value-names -main-file-name CMakeCCompilerABI.c -mrelocation-model pic -pic-level 2 -mframe-pointer=all -fno-strict-return -fno-rounding-math -munwind-tables -target-sdk-version=11.3 -fvisibility-inlines-hidden-static-local-var -target-cpu penryn -tune-cpu generic -debugger-tuning=lldb -target-linker-version 711 -v -resource-dir /Library/Developer/CommandLineTools/usr/lib/clang/13.0.0 -dependency-file CMakeFiles/cmTC_65970.dir/CMakeCCompilerABI.c.o.d -skip-unused-modulemap-deps -MT CMakeFiles/cmTC_65970.dir/CMakeCCompilerABI.c.o -sys-header-deps -isysroot /Library/Developer/CommandLineTools/SDKs/MacOSX11.3.sdk -internal-isystem /Library/Developer/CommandLineTools/SDKs/MacOSX11.3.sdk/usr/local/include -internal-isystem /Library/Developer/CommandLineTools/usr/lib/clang/13.0.0/include -internal-externc-isystem /Library/Developer/CommandLineTools/SDKs/MacOSX11.3.sdk/usr/include -internal-externc-isystem /Library/Developer/CommandLineTools/usr/include -Wno-reorder-init-list -Wno-implicit-int-float-conversion -Wno-c99-designator -Wno-final-dtor-non-final-class -Wno-extra-semi-stmt -Wno-misleading-indentation -Wno-quoted-include-in-framework-header -Wno-implicit-fallthrough -Wno-enum-enum-conversion -Wno-enum-float-conversion -Wno-elaborated-enum-base -fdebug-compilation-dir /Users/robin.baertschi/projects/quiltprojectgen/build/osx-debug/CMakeFiles/CMakeTmp -ferror-limit 19 -stack-protector 1 -fstack-check -mdarwin-stkchk-strong-link -fblocks -fencode-extended-block-signature -fregister-global-dtors-with-atexit -fgnuc-version=4.2.1 -fmax-type-align=16 -fcommon -clang-vendor-feature=+nullptrToBoolConversion -clang-vendor-feature=+messageToSelfInClassMethodIdReturnType -clang-vendor-feature=+disableInferNewAvailabilityFromInit -clang-vendor-feature=+disableNeonImmediateRangeCheck -clang-vendor-feature=+disableNonDependentMemberExprInCurrentInstantiation -fno-odr-hash-protocols -clang-vendor-feature=+revert09abecef7bbf -mllvm -disable-aligned-alloc-awareness=1 -mllvm -enable-dse-memoryssa=0 -o CMakeFiles/cmTC_65970.dir/CMakeCCompilerABI.c.o -x c /usr/local/Cellar/cmake/3.23.1/share/cmake/Modules/CMakeCCompilerABI.c
clang -cc1 version 13.0.0 (clang-1300.0.29.3) default target x86_64-apple-darwin20.6.0
ignoring nonexistent directory "/Library/Developer/CommandLineTools/SDKs/MacOSX11.3.sdk/usr/local/include"
ignoring nonexistent directory "/Library/Developer/CommandLineTools/SDKs/MacOSX11.3.sdk/Library/Frameworks"
#include "..." search starts here:
#include <...> search starts here:
 /Library/Developer/CommandLineTools/usr/lib/clang/13.0.0/include
 /Library/Developer/CommandLineTools/SDKs/MacOSX11.3.sdk/usr/include
 /Library/Developer/CommandLineTools/usr/include
 /Library/Developer/CommandLineTools/SDKs/MacOSX11.3.sdk/System/Library/Frameworks (framework directory)
End of search list.
Linking C executable cmTC_65970
/usr/local/Cellar/cmake/3.23.1/bin/cmake -E cmake_link_script CMakeFiles/cmTC_65970.dir/link.txt --verbose=1
/Library/Developer/CommandLineTools/usr/bin/cc  -isysroot /Library/Developer/CommandLineTools/SDKs/MacOSX11.3.sdk -Wl,-search_paths_first -Wl,-headerpad_max_install_names  -v -Wl,-v CMakeFiles/cmTC_65970.dir/CMakeCCompilerABI.c.o -o cmTC_65970 
Apple clang version 13.0.0 (clang-1300.0.29.3)
Target: x86_64-apple-darwin20.6.0
Thread model: posix
InstalledDir: /Library/Developer/CommandLineTools/usr/bin
 "/Library/Developer/CommandLineTools/usr/bin/ld" -demangle -lto_library /Library/Developer/CommandLineTools/usr/lib/libLTO.dylib -dynamic -arch x86_64 -platform_version macos 11.0.0 11.3 -syslibroot /Library/Developer/CommandLineTools/SDKs/MacOSX11.3.sdk -o cmTC_65970 -search_paths_first -headerpad_max_install_names -v CMakeFiles/cmTC_65970.dir/CMakeCCompilerABI.c.o -lSystem /Library/Developer/CommandLineTools/usr/lib/clang/13.0.0/lib/darwin/libclang_rt.osx.a
@(#)PROGRAM:ld  PROJECT:ld64-711
BUILD 14:59:24 Aug 21 2021
configured to support archs: armv6 armv7 armv7s arm64 arm64e arm64_32 i386 x86_64 x86_64h armv6m armv7k armv7m armv7em
Library search paths:
	/Library/Developer/CommandLineTools/SDKs/MacOSX11.3.sdk/usr/lib
Framework search paths:
	/Library/Developer/CommandLineTools/SDKs/MacOSX11.3.sdk/System/Library/Frameworks/



Parsed C implicit include dir info from above output: rv=done
  found start of include info
  found start of implicit include info
    add: [/Library/Developer/CommandLineTools/usr/lib/clang/13.0.0/include]
    add: [/Library/Developer/CommandLineTools/SDKs/MacOSX11.3.sdk/usr/include]
    add: [/Library/Developer/CommandLineTools/usr/include]
  end of search list found
  collapse include dir [/Library/Developer/CommandLineTools/usr/lib/clang/13.0.0/include] ==> [/Library/Developer/CommandLineTools/usr/lib/clang/13.0.0/include]
  collapse include dir [/Library/Developer/CommandLineTools/SDKs/MacOSX11.3.sdk/usr/include] ==> [/Library/Developer/CommandLineTools/SDKs/MacOSX11.3.sdk/usr/include]
  collapse include dir [/Library/Developer/CommandLineTools/usr/include] ==> [/Library/Developer/CommandLineTools/usr/include]
  implicit include dirs: [/Library/Developer/CommandLineTools/usr/lib/clang/13.0.0/include;/Library/Developer/CommandLineTools/SDKs/MacOSX11.3.sdk/usr/include;/Library/Developer/CommandLineTools/usr/include]


Parsed C implicit link information from above output:
  link line regex: [^( *|.*[/\])(ld|CMAKE_LINK_STARTFILE-NOTFOUND|([^/\]+-)?ld|collect2)[^/\]*( |$)]
  ignore line: [Change Dir: /Users/robin.baertschi/projects/quiltprojectgen/build/osx-debug/CMakeFiles/CMakeTmp]
  ignore line: []
  ignore line: [Run Build Command(s):/usr/bin/make -f Makefile cmTC_65970/fast && /Library/Developer/CommandLineTools/usr/bin/make  -f CMakeFiles/cmTC_65970.dir/build.make CMakeFiles/cmTC_65970.dir/build]
  ignore line: [Building C object CMakeFiles/cmTC_65970.dir/CMakeCCompilerABI.c.o]
  ignore line: [/Library/Developer/CommandLineTools/usr/bin/cc   -isysroot /Library/Developer/CommandLineTools/SDKs/MacOSX11.3.sdk   -v -Wl -v -MD -MT CMakeFiles/cmTC_65970.dir/CMakeCCompilerABI.c.o -MF CMakeFiles/cmTC_65970.dir/CMakeCCompilerABI.c.o.d -o CMakeFiles/cmTC_65970.dir/CMakeCCompilerABI.c.o -c /usr/local/Cellar/cmake/3.23.1/share/cmake/Modules/CMakeCCompilerABI.c]
  ignore line: [Apple clang version 13.0.0 (clang-1300.0.29.3)]
  ignore line: [Target: x86_64-apple-darwin20.6.0]
  ignore line: [Thread model: posix]
  ignore line: [InstalledDir: /Library/Developer/CommandLineTools/usr/bin]
  ignore line: [clang: warning: -Wl -v: 'linker' input unused [-Wunused-command-line-argument]]
  ignore line: [ "/Library/Developer/CommandLineTools/usr/bin/clang" -cc1 -triple x86_64-apple-macosx11.0.0 -Wundef-prefix=TARGET_OS_ -Wdeprecated-objc-isa-usage -Werror=deprecated-objc-isa-usage -Werror=implicit-function-declaration -emit-obj -mrelax-all --mrelax-relocations -disable-free -disable-llvm-verifier -discard-value-names -main-file-name CMakeCCompilerABI.c -mrelocation-model pic -pic-level 2 -mframe-pointer=all -fno-strict-return -fno-rounding-math -munwind-tables -target-sdk-version=11.3 -fvisibility-inlines-hidden-static-local-var -target-cpu penryn -tune-cpu generic -debugger-tuning=lldb -target-linker-version 711 -v -resource-dir /Library/Developer/CommandLineTools/usr/lib/clang/13.0.0 -dependency-file CMakeFiles/cmTC_65970.dir/CMakeCCompilerABI.c.o.d -skip-unused-modulemap-deps -MT CMakeFiles/cmTC_65970.dir/CMakeCCompilerABI.c.o -sys-header-deps -isysroot /Library/Developer/CommandLineTools/SDKs/MacOSX11.3.sdk -internal-isystem /Library/Developer/CommandLineTools/SDKs/MacOSX11.3.sdk/usr/local/include -internal-isystem /Library/Developer/CommandLineTools/usr/lib/clang/13.0.0/include -internal-externc-isystem /Library/Developer/CommandLineTools/SDKs/MacOSX11.3.sdk/usr/include -internal-externc-isystem /Library/Developer/CommandLineTools/usr/include -Wno-reorder-init-list -Wno-implicit-int-float-conversion -Wno-c99-designator -Wno-final-dtor-non-final-class -Wno-extra-semi-stmt -Wno-misleading-indentation -Wno-quoted-include-in-framework-header -Wno-implicit-fallthrough -Wno-enum-enum-conversion -Wno-enum-float-conversion -Wno-elaborated-enum-base -fdebug-compilation-dir /Users/robin.baertschi/projects/quiltprojectgen/build/osx-debug/CMakeFiles/CMakeTmp -ferror-limit 19 -stack-protector 1 -fstack-check -mdarwin-stkchk-strong-link -fblocks -fencode-extended-block-signature -fregister-global-dtors-with-atexit -fgnuc-version=4.2.1 -fmax-type-align=16 -fcommon -clang-vendor-feature=+nullptrToBoolConversion -clang-vendor-feature=+messageToSelfInClassMethodIdReturnType -clang-vendor-feature=+disableInferNewAvailabilityFromInit -clang-vendor-feature=+disableNeonImmediateRangeCheck -clang-vendor-feature=+disableNonDependentMemberExprInCurrentInstantiation -fno-odr-hash-protocols -clang-vendor-feature=+revert09abecef7bbf -mllvm -disable-aligned-alloc-awareness=1 -mllvm -enable-dse-memoryssa=0 -o CMakeFiles/cmTC_65970.dir/CMakeCCompilerABI.c.o -x c /usr/local/Cellar/cmake/3.23.1/share/cmake/Modules/CMakeCCompilerABI.c]
  ignore line: [clang -cc1 version 13.0.0 (clang-1300.0.29.3) default target x86_64-apple-darwin20.6.0]
  ignore line: [ignoring nonexistent directory "/Library/Developer/CommandLineTools/SDKs/MacOSX11.3.sdk/usr/local/include"]
  ignore line: [ignoring nonexistent directory "/Library/Developer/CommandLineTools/SDKs/MacOSX11.3.sdk/Library/Frameworks"]
  ignore line: [#include "..." search starts here:]
  ignore line: [#include <...> search starts here:]
  ignore line: [ /Library/Developer/CommandLineTools/usr/lib/clang/13.0.0/include]
  ignore line: [ /Library/Developer/CommandLineTools/SDKs/MacOSX11.3.sdk/usr/include]
  ignore line: [ /Library/Developer/CommandLineTools/usr/include]
  ignore line: [ /Library/Developer/CommandLineTools/SDKs/MacOSX11.3.sdk/System/Library/Frameworks (framework directory)]
  ignore line: [End of search list.]
  ignore line: [Linking C executable cmTC_65970]
  ignore line: [/usr/local/Cellar/cmake/3.23.1/bin/cmake -E cmake_link_script CMakeFiles/cmTC_65970.dir/link.txt --verbose=1]
  ignore line: [/Library/Developer/CommandLineTools/usr/bin/cc  -isysroot /Library/Developer/CommandLineTools/SDKs/MacOSX11.3.sdk -Wl -search_paths_first -Wl -headerpad_max_install_names  -v -Wl -v CMakeFiles/cmTC_65970.dir/CMakeCCompilerABI.c.o -o cmTC_65970 ]
  ignore line: [Apple clang version 13.0.0 (clang-1300.0.29.3)]
  ignore line: [Target: x86_64-apple-darwin20.6.0]
  ignore line: [Thread model: posix]
  ignore line: [InstalledDir: /Library/Developer/CommandLineTools/usr/bin]
  link line: [ "/Library/Developer/CommandLineTools/usr/bin/ld" -demangle -lto_library /Library/Developer/CommandLineTools/usr/lib/libLTO.dylib -dynamic -arch x86_64 -platform_version macos 11.0.0 11.3 -syslibroot /Library/Developer/CommandLineTools/SDKs/MacOSX11.3.sdk -o cmTC_65970 -search_paths_first -headerpad_max_install_names -v CMakeFiles/cmTC_65970.dir/CMakeCCompilerABI.c.o -lSystem /Library/Developer/CommandLineTools/usr/lib/clang/13.0.0/lib/darwin/libclang_rt.osx.a]
    arg [/Library/Developer/CommandLineTools/usr/bin/ld] ==> ignore
    arg [-demangle] ==> ignore
    arg [-lto_library] ==> ignore, skip following value
    arg [/Library/Developer/CommandLineTools/usr/lib/libLTO.dylib] ==> skip value of -lto_library
    arg [-dynamic] ==> ignore
    arg [-arch] ==> ignore
    arg [x86_64] ==> ignore
    arg [-platform_version] ==> ignore
    arg [macos] ==> ignore
    arg [11.0.0] ==> ignore
    arg [11.3] ==> ignore
    arg [-syslibroot] ==> ignore
    arg [/Library/Developer/CommandLineTools/SDKs/MacOSX11.3.sdk] ==> ignore
    arg [-o] ==> ignore
    arg [cmTC_65970] ==> ignore
    arg [-search_paths_first] ==> ignore
    arg [-headerpad_max_install_names] ==> ignore
    arg [-v] ==> ignore
    arg [CMakeFiles/cmTC_65970.dir/CMakeCCompilerABI.c.o] ==> ignore
    arg [-lSystem] ==> lib [System]
    arg [/Library/Developer/CommandLineTools/usr/lib/clang/13.0.0/lib/darwin/libclang_rt.osx.a] ==> lib [/Library/Developer/CommandLineTools/usr/lib/clang/13.0.0/lib/darwin/libclang_rt.osx.a]
  Library search paths: [;/Library/Developer/CommandLineTools/SDKs/MacOSX11.3.sdk/usr/lib]
  Framework search paths: [;/Library/Developer/CommandLineTools/SDKs/MacOSX11.3.sdk/System/Library/Frameworks/]
  remove lib [System]
  remove lib [/Library/Developer/CommandLineTools/usr/lib/clang/13.0.0/lib/darwin/libclang_rt.osx.a]
  collapse library dir [/Library/Developer/CommandLineTools/SDKs/MacOSX11.3.sdk/usr/lib] ==> [/Library/Developer/CommandLineTools/SDKs/MacOSX11.3.sdk/usr/lib]
  collapse framework dir [/Library/Developer/CommandLineTools/SDKs/MacOSX11.3.sdk/System/Library/Frameworks/] ==> [/Library/Developer/CommandLineTools/SDKs/MacOSX11.3.sdk/System/Library/Frameworks]
  implicit libs: []
  implicit objs: []
  implicit dirs: [/Library/Developer/CommandLineTools/SDKs/MacOSX11.3.sdk/usr/lib]
  implicit fwks: [/Library/Developer/CommandLineTools/SDKs/MacOSX11.3.sdk/System/Library/Frameworks]


Determining if the include file pthread.h exists passed with the following output:
Change Dir: /Users/robin.baertschi/projects/quiltprojectgen/build/osx-debug/CMakeFiles/CMakeTmp

Run Build Command(s):/usr/bin/make -f Makefile cmTC_4de7c/fast && /Library/Developer/CommandLineTools/usr/bin/make  -f CMakeFiles/cmTC_4de7c.dir/build.make CMakeFiles/cmTC_4de7c.dir/build
Building C object CMakeFiles/cmTC_4de7c.dir/CheckIncludeFile.c.o
/Library/Developer/CommandLineTools/usr/bin/cc   -isysroot /Library/Developer/CommandLineTools/SDKs/MacOSX11.3.sdk -MD -MT CMakeFiles/cmTC_4de7c.dir/CheckIncludeFile.c.o -MF CMakeFiles/cmTC_4de7c.dir/CheckIncludeFile.c.o.d -o CMakeFiles/cmTC_4de7c.dir/CheckIncludeFile.c.o -c /Users/robin.baertschi/projects/quiltprojectgen/build/osx-debug/CMakeFiles/CMakeTmp/CheckIncludeFile.c
Linking C executable cmTC_4de7c
/usr/local/Cellar/cmake/3.23.1/bin/cmake -E cmake_link_script CMakeFiles/cmTC_4de7c.dir/link.txt --verbose=1
/Library/Developer/CommandLineTools/usr/bin/cc  -isysroot /Library/Developer/CommandLineTools/SDKs/MacOSX11.3.sdk -Wl,-search_paths_first -Wl,-headerpad_max_install_names CMakeFiles/cmTC_4de7c.dir/CheckIncludeFile.c.o -o cmTC_4de7c 



Performing C SOURCE FILE Test CMAKE_HAVE_LIBC_PTHREAD succeeded with the following output:
Change Dir: /Users/robin.baertschi/projects/quiltprojectgen/build/osx-debug/CMakeFiles/CMakeTmp

Run Build Command(s):/usr/bin/make -f Makefile cmTC_e0b57/fast && /Library/Developer/CommandLineTools/usr/bin/make  -f CMakeFiles/cmTC_e0b57.dir/build.make CMakeFiles/cmTC_e0b57.dir/build
Building C object CMakeFiles/cmTC_e0b57.dir/src.c.o
/Library/Developer/CommandLineTools/usr/bin/cc -DCMAKE_HAVE_LIBC_PTHREAD  -isysroot /Library/Developer/CommandLineTools/SDKs/MacOSX11.3.sdk -MD -MT CMakeFiles/cmTC_e0b57.dir/src.c.o -MF CMakeFiles/cmTC_e0b57.dir/src.c.o.d -o CMakeFiles/cmTC_e0b57.dir/src.c.o -c /Users/robin.baertschi/projects/quiltprojectgen/build/osx-debug/CMakeFiles/CMakeTmp/src.c
Linking C executable cmTC_e0b57
/usr/local/Cellar/cmake/3.23.1/bin/cmake -E cmake_link_script CMakeFiles/cmTC_e0b57.dir/link.txt --verbose=1
/Library/Developer/CommandLineTools/usr/bin/cc  -isysroot /Library/Developer/CommandLineTools/SDKs/MacOSX11.3.sdk -Wl,-search_paths_first -Wl,-headerpad_max_install_names CMakeFiles/cmTC_e0b57.dir/src.c.o -o cmTC_e0b57 


Source file was:
#include <pthread.h>

static void* test_func(void* data)
{
  return data;
}

int main(void)
{
  pthread_t thread;
  pthread_create(&thread, NULL, test_func, NULL);
  pthread_detach(thread);
  pthread_cancel(thread);
  pthread_join(thread, NULL);
  pthread_atfork(NULL, NULL, NULL);
  pthread_exit(NULL);

  return 0;
}

Performing C SOURCE FILE Test HAVE_STRUCT_STAT_ST_MTIMESPEC succeeded with the following output:
Change Dir: /Users/robin.baertschi/projects/quiltprojectgen/build/osx-debug/CMakeFiles/CMakeTmp

Run Build Command(s):/usr/bin/make -f Makefile cmTC_dbe28/fast && /Library/Developer/CommandLineTools/usr/bin/make  -f CMakeFiles/cmTC_dbe28.dir/build.make CMakeFiles/cmTC_dbe28.dir/build
Building C object CMakeFiles/cmTC_dbe28.dir/src.c.o
/Library/Developer/CommandLineTools/usr/bin/cc -DHAVE_STRUCT_STAT_ST_MTIMESPEC  -isysroot /Library/Developer/CommandLineTools/SDKs/MacOSX11.3.sdk -MD -MT CMakeFiles/cmTC_dbe28.dir/src.c.o -MF CMakeFiles/cmTC_dbe28.dir/src.c.o.d -o CMakeFiles/cmTC_dbe28.dir/src.c.o -c /Users/robin.baertschi/projects/quiltprojectgen/build/osx-debug/CMakeFiles/CMakeTmp/src.c
Linking C executable cmTC_dbe28
/usr/local/Cellar/cmake/3.23.1/bin/cmake -E cmake_link_script CMakeFiles/cmTC_dbe28.dir/link.txt --verbose=1
/Library/Developer/CommandLineTools/usr/bin/cc  -isysroot /Library/Developer/CommandLineTools/SDKs/MacOSX11.3.sdk -Wl,-search_paths_first -Wl,-headerpad_max_install_names CMakeFiles/cmTC_dbe28.dir/src.c.o -o cmTC_dbe28 


Source file was:

#include <sys/types.h>
#include <sys/stat.h>

int main()
{
  (void)sizeof(((struct stat *)0)->st_mtimespec);
  return 0;
}

Performing C SOURCE FILE Test HAVE_STRUCT_STAT_NSEC succeeded with the following output:
Change Dir: /Users/robin.baertschi/projects/quiltprojectgen/build/osx-debug/CMakeFiles/CMakeTmp

Run Build Command(s):/usr/bin/make -f Makefile cmTC_95960/fast && /Library/Developer/CommandLineTools/usr/bin/make  -f CMakeFiles/cmTC_95960.dir/build.make CMakeFiles/cmTC_95960.dir/build
Building C object CMakeFiles/cmTC_95960.dir/src.c.o
/Library/Developer/CommandLineTools/usr/bin/cc -DHAVE_STRUCT_STAT_NSEC  -isysroot /Library/Developer/CommandLineTools/SDKs/MacOSX11.3.sdk -MD -MT CMakeFiles/cmTC_95960.dir/src.c.o -MF CMakeFiles/cmTC_95960.dir/src.c.o.d -o CMakeFiles/cmTC_95960.dir/src.c.o -c /Users/robin.baertschi/projects/quiltprojectgen/build/osx-debug/CMakeFiles/CMakeTmp/src.c
Linking C executable cmTC_95960
/usr/local/Cellar/cmake/3.23.1/bin/cmake -E cmake_link_script CMakeFiles/cmTC_95960.dir/link.txt --verbose=1
/Library/Developer/CommandLineTools/usr/bin/cc  -isysroot /Library/Developer/CommandLineTools/SDKs/MacOSX11.3.sdk -Wl,-search_paths_first -Wl,-headerpad_max_install_names CMakeFiles/cmTC_95960.dir/src.c.o -o cmTC_95960 


Source file was:

#include <sys/stat.h>

int main()
{
  (void)sizeof(((struct stat *)0)->st_mtimespec.tv_nsec);
  return 0;
}

Performing C SOURCE FILE Test IS_WERROR_SUPPORTED succeeded with the following output:
Change Dir: /Users/robin.baertschi/projects/quiltprojectgen/build/osx-debug/CMakeFiles/CMakeTmp

Run Build Command(s):/usr/bin/make -f Makefile cmTC_f8fa7/fast && /Library/Developer/CommandLineTools/usr/bin/make  -f CMakeFiles/cmTC_f8fa7.dir/build.make CMakeFiles/cmTC_f8fa7.dir/build
Building C object CMakeFiles/cmTC_f8fa7.dir/src.c.o
/Library/Developer/CommandLineTools/usr/bin/cc -DIS_WERROR_SUPPORTED  -isysroot /Library/Developer/CommandLineTools/SDKs/MacOSX11.3.sdk   -Werror -MD -MT CMakeFiles/cmTC_f8fa7.dir/src.c.o -MF CMakeFiles/cmTC_f8fa7.dir/src.c.o.d -o CMakeFiles/cmTC_f8fa7.dir/src.c.o -c /Users/robin.baertschi/projects/quiltprojectgen/build/osx-debug/CMakeFiles/CMakeTmp/src.c
Linking C executable cmTC_f8fa7
/usr/local/Cellar/cmake/3.23.1/bin/cmake -E cmake_link_script CMakeFiles/cmTC_f8fa7.dir/link.txt --verbose=1
/Library/Developer/CommandLineTools/usr/bin/cc  -isysroot /Library/Developer/CommandLineTools/SDKs/MacOSX11.3.sdk -Wl,-search_paths_first -Wl,-headerpad_max_install_names CMakeFiles/cmTC_f8fa7.dir/src.c.o -o cmTC_f8fa7 


Source file was:
int main(void) { return 0; }
Determining if the futimens exist passed with the following output:
Change Dir: /Users/robin.baertschi/projects/quiltprojectgen/build/osx-debug/CMakeFiles/CMakeTmp

Run Build Command(s):/usr/bin/make -f Makefile cmTC_eb8a8/fast && /Library/Developer/CommandLineTools/usr/bin/make  -f CMakeFiles/cmTC_eb8a8.dir/build.make CMakeFiles/cmTC_eb8a8.dir/build
Building C object CMakeFiles/cmTC_eb8a8.dir/CheckSymbolExists.c.o
/Library/Developer/CommandLineTools/usr/bin/cc   -isysroot /Library/Developer/CommandLineTools/SDKs/MacOSX11.3.sdk -MD -MT CMakeFiles/cmTC_eb8a8.dir/CheckSymbolExists.c.o -MF CMakeFiles/cmTC_eb8a8.dir/CheckSymbolExists.c.o.d -o CMakeFiles/cmTC_eb8a8.dir/CheckSymbolExists.c.o -c /Users/robin.baertschi/projects/quiltprojectgen/build/osx-debug/CMakeFiles/CMakeTmp/CheckSymbolExists.c
Linking C executable cmTC_eb8a8
/usr/local/Cellar/cmake/3.23.1/bin/cmake -E cmake_link_script CMakeFiles/cmTC_eb8a8.dir/link.txt --verbose=1
/Library/Developer/CommandLineTools/usr/bin/cc  -isysroot /Library/Developer/CommandLineTools/SDKs/MacOSX11.3.sdk -Wl,-search_paths_first -Wl,-headerpad_max_install_names CMakeFiles/cmTC_eb8a8.dir/CheckSymbolExists.c.o -o cmTC_eb8a8 


File /Users/robin.baertschi/projects/quiltprojectgen/build/osx-debug/CMakeFiles/CMakeTmp/CheckSymbolExists.c:
/* */
#include <sys/stat.h>

int main(int argc, char** argv)
{
  (void)argv;
#ifndef futimens
  return ((int*)(&futimens))[argc];
#else
  (void)argc;
  return 0;
#endif
}
Performing C SOURCE FILE Test IS_WNO_ERROR_SUPPORTED succeeded with the following output:
Change Dir: /Users/robin.baertschi/projects/quiltprojectgen/build/osx-debug/CMakeFiles/CMakeTmp

Run Build Command(s):/usr/bin/make -f Makefile cmTC_93d3c/fast && /Library/Developer/CommandLineTools/usr/bin/make  -f CMakeFiles/cmTC_93d3c.dir/build.make CMakeFiles/cmTC_93d3c.dir/build
Building C object CMakeFiles/cmTC_93d3c.dir/src.c.o
/Library/Developer/CommandLineTools/usr/bin/cc -DIS_WNO_ERROR_SUPPORTED  -Werror  -isysroot /Library/Developer/CommandLineTools/SDKs/MacOSX11.3.sdk   -Wno-error -MD -MT CMakeFiles/cmTC_93d3c.dir/src.c.o -MF CMakeFiles/cmTC_93d3c.dir/src.c.o.d -o CMakeFiles/cmTC_93d3c.dir/src.c.o -c /Users/robin.baertschi/projects/quiltprojectgen/build/osx-debug/CMakeFiles/CMakeTmp/src.c
Linking C executable cmTC_93d3c
/usr/local/Cellar/cmake/3.23.1/bin/cmake -E cmake_link_script CMakeFiles/cmTC_93d3c.dir/link.txt --verbose=1
/Library/Developer/CommandLineTools/usr/bin/cc  -Werror  -isysroot /Library/Developer/CommandLineTools/SDKs/MacOSX11.3.sdk -Wl,-search_paths_first -Wl,-headerpad_max_install_names CMakeFiles/cmTC_93d3c.dir/src.c.o -o cmTC_93d3c 


Source file was:
int main(void) { return 0; }
Performing C SOURCE FILE Test IS_WALL_SUPPORTED succeeded with the following output:
Change Dir: /Users/robin.baertschi/projects/quiltprojectgen/build/osx-debug/CMakeFiles/CMakeTmp

Run Build Command(s):/usr/bin/make -f Makefile cmTC_fe5a0/fast && /Library/Developer/CommandLineTools/usr/bin/make  -f CMakeFiles/cmTC_fe5a0.dir/build.make CMakeFiles/cmTC_fe5a0.dir/build
Building C object CMakeFiles/cmTC_fe5a0.dir/src.c.o
/Library/Developer/CommandLineTools/usr/bin/cc -DIS_WALL_SUPPORTED  -D_GNU_SOURCE  -Werror -Wno-error  -isysroot /Library/Developer/CommandLineTools/SDKs/MacOSX11.3.sdk   -Wall -MD -MT CMakeFiles/cmTC_fe5a0.dir/src.c.o -MF CMakeFiles/cmTC_fe5a0.dir/src.c.o.d -o CMakeFiles/cmTC_fe5a0.dir/src.c.o -c /Users/robin.baertschi/projects/quiltprojectgen/build/osx-debug/CMakeFiles/CMakeTmp/src.c
Linking C executable cmTC_fe5a0
/usr/local/Cellar/cmake/3.23.1/bin/cmake -E cmake_link_script CMakeFiles/cmTC_fe5a0.dir/link.txt --verbose=1
/Library/Developer/CommandLineTools/usr/bin/cc -D_GNU_SOURCE  -Werror -Wno-error  -isysroot /Library/Developer/CommandLineTools/SDKs/MacOSX11.3.sdk -Wl,-search_paths_first -Wl,-headerpad_max_install_names CMakeFiles/cmTC_fe5a0.dir/src.c.o -o cmTC_fe5a0 


Source file was:
int main(void) { return 0; }
Performing C SOURCE FILE Test IS_WEXTRA_SUPPORTED succeeded with the following output:
Change Dir: /Users/robin.baertschi/projects/quiltprojectgen/build/osx-debug/CMakeFiles/CMakeTmp

Run Build Command(s):/usr/bin/make -f Makefile cmTC_7ad95/fast && /Library/Developer/CommandLineTools/usr/bin/make  -f CMakeFiles/cmTC_7ad95.dir/build.make CMakeFiles/cmTC_7ad95.dir/build
Building C object CMakeFiles/cmTC_7ad95.dir/src.c.o
/Library/Developer/CommandLineTools/usr/bin/cc -DIS_WEXTRA_SUPPORTED  -D_GNU_SOURCE  -Werror -Wno-error -Wall  -isysroot /Library/Developer/CommandLineTools/SDKs/MacOSX11.3.sdk   -Wextra -MD -MT CMakeFiles/cmTC_7ad95.dir/src.c.o -MF CMakeFiles/cmTC_7ad95.dir/src.c.o.d -o CMakeFiles/cmTC_7ad95.dir/src.c.o -c /Users/robin.baertschi/projects/quiltprojectgen/build/osx-debug/CMakeFiles/CMakeTmp/src.c
Linking C executable cmTC_7ad95
/usr/local/Cellar/cmake/3.23.1/bin/cmake -E cmake_link_script CMakeFiles/cmTC_7ad95.dir/link.txt --verbose=1
/Library/Developer/CommandLineTools/usr/bin/cc -D_GNU_SOURCE  -Werror -Wno-error -Wall  -isysroot /Library/Developer/CommandLineTools/SDKs/MacOSX11.3.sdk -Wl,-search_paths_first -Wl,-headerpad_max_install_names CMakeFiles/cmTC_7ad95.dir/src.c.o -o cmTC_7ad95 


Source file was:
int main(void) { return 0; }
Performing C SOURCE FILE Test IS_FVISIBILITY_HIDDEN_SUPPORTED succeeded with the following output:
Change Dir: /Users/robin.baertschi/projects/quiltprojectgen/build/osx-debug/CMakeFiles/CMakeTmp

Run Build Command(s):/usr/bin/make -f Makefile cmTC_3de86/fast && /Library/Developer/CommandLineTools/usr/bin/make  -f CMakeFiles/cmTC_3de86.dir/build.make CMakeFiles/cmTC_3de86.dir/build
Building C object CMakeFiles/cmTC_3de86.dir/src.c.o
/Library/Developer/CommandLineTools/usr/bin/cc -DIS_FVISIBILITY_HIDDEN_SUPPORTED  -D_GNU_SOURCE  -Werror -Wno-error -Wall -Wextra  -isysroot /Library/Developer/CommandLineTools/SDKs/MacOSX11.3.sdk   -fvisibility=hidden -MD -MT CMakeFiles/cmTC_3de86.dir/src.c.o -MF CMakeFiles/cmTC_3de86.dir/src.c.o.d -o CMakeFiles/cmTC_3de86.dir/src.c.o -c /Users/robin.baertschi/projects/quiltprojectgen/build/osx-debug/CMakeFiles/CMakeTmp/src.c
Linking C executable cmTC_3de86
/usr/local/Cellar/cmake/3.23.1/bin/cmake -E cmake_link_script CMakeFiles/cmTC_3de86.dir/link.txt --verbose=1
/Library/Developer/CommandLineTools/usr/bin/cc -D_GNU_SOURCE  -Werror -Wno-error -Wall -Wextra  -isysroot /Library/Developer/CommandLineTools/SDKs/MacOSX11.3.sdk -Wl,-search_paths_first -Wl,-headerpad_max_install_names CMakeFiles/cmTC_3de86.dir/src.c.o -o cmTC_3de86 


Source file was:
int main(void) { return 0; }
Performing C SOURCE FILE Test IS_WDOCUMENTATION_SUPPORTED succeeded with the following output:
Change Dir: /Users/robin.baertschi/projects/quiltprojectgen/build/osx-debug/CMakeFiles/CMakeTmp

Run Build Command(s):/usr/bin/make -f Makefile cmTC_259ab/fast && /Library/Developer/CommandLineTools/usr/bin/make  -f CMakeFiles/cmTC_259ab.dir/build.make CMakeFiles/cmTC_259ab.dir/build
Building C object CMakeFiles/cmTC_259ab.dir/src.c.o
/Library/Developer/CommandLineTools/usr/bin/cc -DIS_WDOCUMENTATION_SUPPORTED  -D_GNU_SOURCE  -Werror -Wno-error -Wall -Wextra -fvisibility=hidden -fPIC  -isysroot /Library/Developer/CommandLineTools/SDKs/MacOSX11.3.sdk   -Wdocumentation -MD -MT CMakeFiles/cmTC_259ab.dir/src.c.o -MF CMakeFiles/cmTC_259ab.dir/src.c.o.d -o CMakeFiles/cmTC_259ab.dir/src.c.o -c /Users/robin.baertschi/projects/quiltprojectgen/build/osx-debug/CMakeFiles/CMakeTmp/src.c
Linking C executable cmTC_259ab
/usr/local/Cellar/cmake/3.23.1/bin/cmake -E cmake_link_script CMakeFiles/cmTC_259ab.dir/link.txt --verbose=1
/Library/Developer/CommandLineTools/usr/bin/cc -D_GNU_SOURCE  -Werror -Wno-error -Wall -Wextra -fvisibility=hidden -fPIC  -isysroot /Library/Developer/CommandLineTools/SDKs/MacOSX11.3.sdk -Wl,-search_paths_first -Wl,-headerpad_max_install_names CMakeFiles/cmTC_259ab.dir/src.c.o -o cmTC_259ab 


Source file was:
int main(void) { return 0; }
Performing C SOURCE FILE Test IS_WNO_DOCUMENTATION_DEPRECATED_SYNC_SUPPORTED succeeded with the following output:
Change Dir: /Users/robin.baertschi/projects/quiltprojectgen/build/osx-debug/CMakeFiles/CMakeTmp

Run Build Command(s):/usr/bin/make -f Makefile cmTC_f6c85/fast && /Library/Developer/CommandLineTools/usr/bin/make  -f CMakeFiles/cmTC_f6c85.dir/build.make CMakeFiles/cmTC_f6c85.dir/build
Building C object CMakeFiles/cmTC_f6c85.dir/src.c.o
/Library/Developer/CommandLineTools/usr/bin/cc -DIS_WNO_DOCUMENTATION_DEPRECATED_SYNC_SUPPORTED  -D_GNU_SOURCE  -Werror -Wno-error -Wall -Wextra -fvisibility=hidden -fPIC -Wdocumentation  -isysroot /Library/Developer/CommandLineTools/SDKs/MacOSX11.3.sdk   -Wno-documentation-deprecated-sync -MD -MT CMakeFiles/cmTC_f6c85.dir/src.c.o -MF CMakeFiles/cmTC_f6c85.dir/src.c.o.d -o CMakeFiles/cmTC_f6c85.dir/src.c.o -c /Users/robin.baertschi/projects/quiltprojectgen/build/osx-debug/CMakeFiles/CMakeTmp/src.c
Linking C executable cmTC_f6c85
/usr/local/Cellar/cmake/3.23.1/bin/cmake -E cmake_link_script CMakeFiles/cmTC_f6c85.dir/link.txt --verbose=1
/Library/Developer/CommandLineTools/usr/bin/cc -D_GNU_SOURCE  -Werror -Wno-error -Wall -Wextra -fvisibility=hidden -fPIC -Wdocumentation  -isysroot /Library/Developer/CommandLineTools/SDKs/MacOSX11.3.sdk -Wl,-search_paths_first -Wl,-headerpad_max_install_names CMakeFiles/cmTC_f6c85.dir/src.c.o -o cmTC_f6c85 


Source file was:
int main(void) { return 0; }
Performing C SOURCE FILE Test IS_WNO_MISSING_FIELD_INITIALIZERS_SUPPORTED succeeded with the following output:
Change Dir: /Users/robin.baertschi/projects/quiltprojectgen/build/osx-debug/CMakeFiles/CMakeTmp

Run Build Command(s):/usr/bin/make -f Makefile cmTC_f9d29/fast && /Library/Developer/CommandLineTools/usr/bin/make  -f CMakeFiles/cmTC_f9d29.dir/build.make CMakeFiles/cmTC_f9d29.dir/build
Building C object CMakeFiles/cmTC_f9d29.dir/src.c.o
/Library/Developer/CommandLineTools/usr/bin/cc -DIS_WNO_MISSING_FIELD_INITIALIZERS_SUPPORTED  -D_GNU_SOURCE  -Werror -Wno-error -Wall -Wextra -fvisibility=hidden -fPIC -Wdocumentation -Wno-documentation-deprecated-sync  -isysroot /Library/Developer/CommandLineTools/SDKs/MacOSX11.3.sdk   -Wno-missing-field-initializers -MD -MT CMakeFiles/cmTC_f9d29.dir/src.c.o -MF CMakeFiles/cmTC_f9d29.dir/src.c.o.d -o CMakeFiles/cmTC_f9d29.dir/src.c.o -c /Users/robin.baertschi/projects/quiltprojectgen/build/osx-debug/CMakeFiles/CMakeTmp/src.c
Linking C executable cmTC_f9d29
/usr/local/Cellar/cmake/3.23.1/bin/cmake -E cmake_link_script CMakeFiles/cmTC_f9d29.dir/link.txt --verbose=1
/Library/Developer/CommandLineTools/usr/bin/cc -D_GNU_SOURCE  -Werror -Wno-error -Wall -Wextra -fvisibility=hidden -fPIC -Wdocumentation -Wno-documentation-deprecated-sync  -isysroot /Library/Developer/CommandLineTools/SDKs/MacOSX11.3.sdk -Wl,-search_paths_first -Wl,-headerpad_max_install_names CMakeFiles/cmTC_f9d29.dir/src.c.o -o cmTC_f9d29 


Source file was:
int main(void) { return 0; }
Performing C SOURCE FILE Test IS_WMISSING_DECLARATIONS_SUPPORTED succeeded with the following output:
Change Dir: /Users/robin.baertschi/projects/quiltprojectgen/build/osx-debug/CMakeFiles/CMakeTmp

Run Build Command(s):/usr/bin/make -f Makefile cmTC_b4338/fast && /Library/Developer/CommandLineTools/usr/bin/make  -f CMakeFiles/cmTC_b4338.dir/build.make CMakeFiles/cmTC_b4338.dir/build
Building C object CMakeFiles/cmTC_b4338.dir/src.c.o
/Library/Developer/CommandLineTools/usr/bin/cc -DIS_WMISSING_DECLARATIONS_SUPPORTED  -D_GNU_SOURCE  -Werror -Wno-error -Wall -Wextra -fvisibility=hidden -fPIC -Wdocumentation -Wno-documentation-deprecated-sync -Wno-missing-field-initializers  -isysroot /Library/Developer/CommandLineTools/SDKs/MacOSX11.3.sdk   -Wmissing-declarations -MD -MT CMakeFiles/cmTC_b4338.dir/src.c.o -MF CMakeFiles/cmTC_b4338.dir/src.c.o.d -o CMakeFiles/cmTC_b4338.dir/src.c.o -c /Users/robin.baertschi/projects/quiltprojectgen/build/osx-debug/CMakeFiles/CMakeTmp/src.c
Linking C executable cmTC_b4338
/usr/local/Cellar/cmake/3.23.1/bin/cmake -E cmake_link_script CMakeFiles/cmTC_b4338.dir/link.txt --verbose=1
/Library/Developer/CommandLineTools/usr/bin/cc -D_GNU_SOURCE  -Werror -Wno-error -Wall -Wextra -fvisibility=hidden -fPIC -Wdocumentation -Wno-documentation-deprecated-sync -Wno-missing-field-initializers  -isysroot /Library/Developer/CommandLineTools/SDKs/MacOSX11.3.sdk -Wl,-search_paths_first -Wl,-headerpad_max_install_names CMakeFiles/cmTC_b4338.dir/src.c.o -o cmTC_b4338 


Source file was:
int main(void) { return 0; }
Performing C SOURCE FILE Test IS_WSTRICT_ALIASING_SUPPORTED succeeded with the following output:
Change Dir: /Users/robin.baertschi/projects/quiltprojectgen/build/osx-debug/CMakeFiles/CMakeTmp

Run Build Command(s):/usr/bin/make -f Makefile cmTC_dfdfb/fast && /Library/Developer/CommandLineTools/usr/bin/make  -f CMakeFiles/cmTC_dfdfb.dir/build.make CMakeFiles/cmTC_dfdfb.dir/build
Building C object CMakeFiles/cmTC_dfdfb.dir/src.c.o
/Library/Developer/CommandLineTools/usr/bin/cc -DIS_WSTRICT_ALIASING_SUPPORTED  -D_GNU_SOURCE  -Werror -Wno-error -Wall -Wextra -fvisibility=hidden -fPIC -Wdocumentation -Wno-documentation-deprecated-sync -Wno-missing-field-initializers -Wmissing-declarations  -isysroot /Library/Developer/CommandLineTools/SDKs/MacOSX11.3.sdk   -Wstrict-aliasing -MD -MT CMakeFiles/cmTC_dfdfb.dir/src.c.o -MF CMakeFiles/cmTC_dfdfb.dir/src.c.o.d -o CMakeFiles/cmTC_dfdfb.dir/src.c.o -c /Users/robin.baertschi/projects/quiltprojectgen/build/osx-debug/CMakeFiles/CMakeTmp/src.c
Linking C executable cmTC_dfdfb
/usr/local/Cellar/cmake/3.23.1/bin/cmake -E cmake_link_script CMakeFiles/cmTC_dfdfb.dir/link.txt --verbose=1
/Library/Developer/CommandLineTools/usr/bin/cc -D_GNU_SOURCE  -Werror -Wno-error -Wall -Wextra -fvisibility=hidden -fPIC -Wdocumentation -Wno-documentation-deprecated-sync -Wno-missing-field-initializers -Wmissing-declarations  -isysroot /Library/Developer/CommandLineTools/SDKs/MacOSX11.3.sdk -Wl,-search_paths_first -Wl,-headerpad_max_install_names CMakeFiles/cmTC_dfdfb.dir/src.c.o -o cmTC_dfdfb 


Source file was:
int main(void) { return 0; }
Performing C SOURCE FILE Test IS_WSTRICT_PROTOTYPES_SUPPORTED succeeded with the following output:
Change Dir: /Users/robin.baertschi/projects/quiltprojectgen/build/osx-debug/CMakeFiles/CMakeTmp

Run Build Command(s):/usr/bin/make -f Makefile cmTC_c2e17/fast && /Library/Developer/CommandLineTools/usr/bin/make  -f CMakeFiles/cmTC_c2e17.dir/build.make CMakeFiles/cmTC_c2e17.dir/build
Building C object CMakeFiles/cmTC_c2e17.dir/src.c.o
/Library/Developer/CommandLineTools/usr/bin/cc -DIS_WSTRICT_PROTOTYPES_SUPPORTED  -D_GNU_SOURCE  -Werror -Wno-error -Wall -Wextra -fvisibility=hidden -fPIC -Wdocumentation -Wno-documentation-deprecated-sync -Wno-missing-field-initializers -Wmissing-declarations -Wstrict-aliasing  -isysroot /Library/Developer/CommandLineTools/SDKs/MacOSX11.3.sdk   -Wstrict-prototypes -MD -MT CMakeFiles/cmTC_c2e17.dir/src.c.o -MF CMakeFiles/cmTC_c2e17.dir/src.c.o.d -o CMakeFiles/cmTC_c2e17.dir/src.c.o -c /Users/robin.baertschi/projects/quiltprojectgen/build/osx-debug/CMakeFiles/CMakeTmp/src.c
Linking C executable cmTC_c2e17
/usr/local/Cellar/cmake/3.23.1/bin/cmake -E cmake_link_script CMakeFiles/cmTC_c2e17.dir/link.txt --verbose=1
/Library/Developer/CommandLineTools/usr/bin/cc -D_GNU_SOURCE  -Werror -Wno-error -Wall -Wextra -fvisibility=hidden -fPIC -Wdocumentation -Wno-documentation-deprecated-sync -Wno-missing-field-initializers -Wmissing-declarations -Wstrict-aliasing  -isysroot /Library/Developer/CommandLineTools/SDKs/MacOSX11.3.sdk -Wl,-search_paths_first -Wl,-headerpad_max_install_names CMakeFiles/cmTC_c2e17.dir/src.c.o -o cmTC_c2e17 


Source file was:
int main(void) { return 0; }
Performing C SOURCE FILE Test IS_WDECLARATION_AFTER_STATEMENT_SUPPORTED succeeded with the following output:
Change Dir: /Users/robin.baertschi/projects/quiltprojectgen/build/osx-debug/CMakeFiles/CMakeTmp

Run Build Command(s):/usr/bin/make -f Makefile cmTC_48b12/fast && /Library/Developer/CommandLineTools/usr/bin/make  -f CMakeFiles/cmTC_48b12.dir/build.make CMakeFiles/cmTC_48b12.dir/build
Building C object CMakeFiles/cmTC_48b12.dir/src.c.o
/Library/Developer/CommandLineTools/usr/bin/cc -DIS_WDECLARATION_AFTER_STATEMENT_SUPPORTED  -D_GNU_SOURCE  -Werror -Wno-error -Wall -Wextra -fvisibility=hidden -fPIC -Wdocumentation -Wno-documentation-deprecated-sync -Wno-missing-field-initializers -Wmissing-declarations -Wstrict-aliasing -Wstrict-prototypes  -isysroot /Library/Developer/CommandLineTools/SDKs/MacOSX11.3.sdk   -Wdeclaration-after-statement -MD -MT CMakeFiles/cmTC_48b12.dir/src.c.o -MF CMakeFiles/cmTC_48b12.dir/src.c.o.d -o CMakeFiles/cmTC_48b12.dir/src.c.o -c /Users/robin.baertschi/projects/quiltprojectgen/build/osx-debug/CMakeFiles/CMakeTmp/src.c
Linking C executable cmTC_48b12
/usr/local/Cellar/cmake/3.23.1/bin/cmake -E cmake_link_script CMakeFiles/cmTC_48b12.dir/link.txt --verbose=1
/Library/Developer/CommandLineTools/usr/bin/cc -D_GNU_SOURCE  -Werror -Wno-error -Wall -Wextra -fvisibility=hidden -fPIC -Wdocumentation -Wno-documentation-deprecated-sync -Wno-missing-field-initializers -Wmissing-declarations -Wstrict-aliasing -Wstrict-prototypes  -isysroot /Library/Developer/CommandLineTools/SDKs/MacOSX11.3.sdk -Wl,-search_paths_first -Wl,-headerpad_max_install_names CMakeFiles/cmTC_48b12.dir/src.c.o -o cmTC_48b12 


Source file was:
int main(void) { return 0; }
Performing C SOURCE FILE Test IS_WSHIFT_COUNT_OVERFLOW_SUPPORTED succeeded with the following output:
Change Dir: /Users/robin.baertschi/projects/quiltprojectgen/build/osx-debug/CMakeFiles/CMakeTmp

Run Build Command(s):/usr/bin/make -f Makefile cmTC_fc207/fast && /Library/Developer/CommandLineTools/usr/bin/make  -f CMakeFiles/cmTC_fc207.dir/build.make CMakeFiles/cmTC_fc207.dir/build
Building C object CMakeFiles/cmTC_fc207.dir/src.c.o
/Library/Developer/CommandLineTools/usr/bin/cc -DIS_WSHIFT_COUNT_OVERFLOW_SUPPORTED  -D_GNU_SOURCE  -Werror -Wno-error -Wall -Wextra -fvisibility=hidden -fPIC -Wdocumentation -Wno-documentation-deprecated-sync -Wno-missing-field-initializers -Wmissing-declarations -Wstrict-aliasing -Wstrict-prototypes -Wdeclaration-after-statement  -isysroot /Library/Developer/CommandLineTools/SDKs/MacOSX11.3.sdk   -Wshift-count-overflow -MD -MT CMakeFiles/cmTC_fc207.dir/src.c.o -MF CMakeFiles/cmTC_fc207.dir/src.c.o.d -o CMakeFiles/cmTC_fc207.dir/src.c.o -c /Users/robin.baertschi/projects/quiltprojectgen/build/osx-debug/CMakeFiles/CMakeTmp/src.c
Linking C executable cmTC_fc207
/usr/local/Cellar/cmake/3.23.1/bin/cmake -E cmake_link_script CMakeFiles/cmTC_fc207.dir/link.txt --verbose=1
/Library/Developer/CommandLineTools/usr/bin/cc -D_GNU_SOURCE  -Werror -Wno-error -Wall -Wextra -fvisibility=hidden -fPIC -Wdocumentation -Wno-documentation-deprecated-sync -Wno-missing-field-initializers -Wmissing-declarations -Wstrict-aliasing -Wstrict-prototypes -Wdeclaration-after-statement  -isysroot /Library/Developer/CommandLineTools/SDKs/MacOSX11.3.sdk -Wl,-search_paths_first -Wl,-headerpad_max_install_names CMakeFiles/cmTC_fc207.dir/src.c.o -o cmTC_fc207 


Source file was:
int main(void) { return 0; }
Performing C SOURCE FILE Test IS_WUNUSED_CONST_VARIABLE_SUPPORTED succeeded with the following output:
Change Dir: /Users/robin.baertschi/projects/quiltprojectgen/build/osx-debug/CMakeFiles/CMakeTmp

Run Build Command(s):/usr/bin/make -f Makefile cmTC_04062/fast && /Library/Developer/CommandLineTools/usr/bin/make  -f CMakeFiles/cmTC_04062.dir/build.make CMakeFiles/cmTC_04062.dir/build
Building C object CMakeFiles/cmTC_04062.dir/src.c.o
/Library/Developer/CommandLineTools/usr/bin/cc -DIS_WUNUSED_CONST_VARIABLE_SUPPORTED  -D_GNU_SOURCE  -Werror -Wno-error -Wall -Wextra -fvisibility=hidden -fPIC -Wdocumentation -Wno-documentation-deprecated-sync -Wno-missing-field-initializers -Wmissing-declarations -Wstrict-aliasing -Wstrict-prototypes -Wdeclaration-after-statement -Wshift-count-overflow  -isysroot /Library/Developer/CommandLineTools/SDKs/MacOSX11.3.sdk   -Wunused-const-variable -MD -MT CMakeFiles/cmTC_04062.dir/src.c.o -MF CMakeFiles/cmTC_04062.dir/src.c.o.d -o CMakeFiles/cmTC_04062.dir/src.c.o -c /Users/robin.baertschi/projects/quiltprojectgen/build/osx-debug/CMakeFiles/CMakeTmp/src.c
Linking C executable cmTC_04062
/usr/local/Cellar/cmake/3.23.1/bin/cmake -E cmake_link_script CMakeFiles/cmTC_04062.dir/link.txt --verbose=1
/Library/Developer/CommandLineTools/usr/bin/cc -D_GNU_SOURCE  -Werror -Wno-error -Wall -Wextra -fvisibility=hidden -fPIC -Wdocumentation -Wno-documentation-deprecated-sync -Wno-missing-field-initializers -Wmissing-declarations -Wstrict-aliasing -Wstrict-prototypes -Wdeclaration-after-statement -Wshift-count-overflow  -isysroot /Library/Developer/CommandLineTools/SDKs/MacOSX11.3.sdk -Wl,-search_paths_first -Wl,-headerpad_max_install_names CMakeFiles/cmTC_04062.dir/src.c.o -o cmTC_04062 


Source file was:
int main(void) { return 0; }
Performing C SOURCE FILE Test IS_WUNUSED_FUNCTION_SUPPORTED succeeded with the following output:
Change Dir: /Users/robin.baertschi/projects/quiltprojectgen/build/osx-debug/CMakeFiles/CMakeTmp

Run Build Command(s):/usr/bin/make -f Makefile cmTC_c11e4/fast && /Library/Developer/CommandLineTools/usr/bin/make  -f CMakeFiles/cmTC_c11e4.dir/build.make CMakeFiles/cmTC_c11e4.dir/build
Building C object CMakeFiles/cmTC_c11e4.dir/src.c.o
/Library/Developer/CommandLineTools/usr/bin/cc -DIS_WUNUSED_FUNCTION_SUPPORTED  -D_GNU_SOURCE  -Werror -Wno-error -Wall -Wextra -fvisibility=hidden -fPIC -Wdocumentation -Wno-documentation-deprecated-sync -Wno-missing-field-initializers -Wmissing-declarations -Wstrict-aliasing -Wstrict-prototypes -Wdeclaration-after-statement -Wshift-count-overflow -Wunused-const-variable  -isysroot /Library/Developer/CommandLineTools/SDKs/MacOSX11.3.sdk   -Wunused-function -MD -MT CMakeFiles/cmTC_c11e4.dir/src.c.o -MF CMakeFiles/cmTC_c11e4.dir/src.c.o.d -o CMakeFiles/cmTC_c11e4.dir/src.c.o -c /Users/robin.baertschi/projects/quiltprojectgen/build/osx-debug/CMakeFiles/CMakeTmp/src.c
Linking C executable cmTC_c11e4
/usr/local/Cellar/cmake/3.23.1/bin/cmake -E cmake_link_script CMakeFiles/cmTC_c11e4.dir/link.txt --verbose=1
/Library/Developer/CommandLineTools/usr/bin/cc -D_GNU_SOURCE  -Werror -Wno-error -Wall -Wextra -fvisibility=hidden -fPIC -Wdocumentation -Wno-documentation-deprecated-sync -Wno-missing-field-initializers -Wmissing-declarations -Wstrict-aliasing -Wstrict-prototypes -Wdeclaration-after-statement -Wshift-count-overflow -Wunused-const-variable  -isysroot /Library/Developer/CommandLineTools/SDKs/MacOSX11.3.sdk -Wl,-search_paths_first -Wl,-headerpad_max_install_names CMakeFiles/cmTC_c11e4.dir/src.c.o -o cmTC_c11e4 


Source file was:
int main(void) { return 0; }
Performing C SOURCE FILE Test IS_WINT_CONVERSION_SUPPORTED succeeded with the following output:
Change Dir: /Users/robin.baertschi/projects/quiltprojectgen/build/osx-debug/CMakeFiles/CMakeTmp

Run Build Command(s):/usr/bin/make -f Makefile cmTC_5c9db/fast && /Library/Developer/CommandLineTools/usr/bin/make  -f CMakeFiles/cmTC_5c9db.dir/build.make CMakeFiles/cmTC_5c9db.dir/build
Building C object CMakeFiles/cmTC_5c9db.dir/src.c.o
/Library/Developer/CommandLineTools/usr/bin/cc -DIS_WINT_CONVERSION_SUPPORTED  -D_GNU_SOURCE  -Werror -Wno-error -Wall -Wextra -fvisibility=hidden -fPIC -Wdocumentation -Wno-documentation-deprecated-sync -Wno-missing-field-initializers -Wmissing-declarations -Wstrict-aliasing -Wstrict-prototypes -Wdeclaration-after-statement -Wshift-count-overflow -Wunused-const-variable -Wunused-function  -isysroot /Library/Developer/CommandLineTools/SDKs/MacOSX11.3.sdk   -Wint-conversion -MD -MT CMakeFiles/cmTC_5c9db.dir/src.c.o -MF CMakeFiles/cmTC_5c9db.dir/src.c.o.d -o CMakeFiles/cmTC_5c9db.dir/src.c.o -c /Users/robin.baertschi/projects/quiltprojectgen/build/osx-debug/CMakeFiles/CMakeTmp/src.c
Linking C executable cmTC_5c9db
/usr/local/Cellar/cmake/3.23.1/bin/cmake -E cmake_link_script CMakeFiles/cmTC_5c9db.dir/link.txt --verbose=1
/Library/Developer/CommandLineTools/usr/bin/cc -D_GNU_SOURCE  -Werror -Wno-error -Wall -Wextra -fvisibility=hidden -fPIC -Wdocumentation -Wno-documentation-deprecated-sync -Wno-missing-field-initializers -Wmissing-declarations -Wstrict-aliasing -Wstrict-prototypes -Wdeclaration-after-statement -Wshift-count-overflow -Wunused-const-variable -Wunused-function  -isysroot /Library/Developer/CommandLineTools/SDKs/MacOSX11.3.sdk -Wl,-search_paths_first -Wl,-headerpad_max_install_names CMakeFiles/cmTC_5c9db.dir/src.c.o -o cmTC_5c9db 


Source file was:
int main(void) { return 0; }
Performing C SOURCE FILE Test IS_WC11_EXTENSIONS_SUPPORTED succeeded with the following output:
Change Dir: /Users/robin.baertschi/projects/quiltprojectgen/build/osx-debug/CMakeFiles/CMakeTmp

Run Build Command(s):/usr/bin/make -f Makefile cmTC_125c2/fast && /Library/Developer/CommandLineTools/usr/bin/make  -f CMakeFiles/cmTC_125c2.dir/build.make CMakeFiles/cmTC_125c2.dir/build
Building C object CMakeFiles/cmTC_125c2.dir/src.c.o
/Library/Developer/CommandLineTools/usr/bin/cc -DIS_WC11_EXTENSIONS_SUPPORTED  -D_GNU_SOURCE  -Werror -Wno-error -Wall -Wextra -fvisibility=hidden -fPIC -Wdocumentation -Wno-documentation-deprecated-sync -Wno-missing-field-initializers -Wmissing-declarations -Wstrict-aliasing -Wstrict-prototypes -Wdeclaration-after-statement -Wshift-count-overflow -Wunused-const-variable -Wunused-function -Wint-conversion  -isysroot /Library/Developer/CommandLineTools/SDKs/MacOSX11.3.sdk   -Wc11-extensions -MD -MT CMakeFiles/cmTC_125c2.dir/src.c.o -MF CMakeFiles/cmTC_125c2.dir/src.c.o.d -o CMakeFiles/cmTC_125c2.dir/src.c.o -c /Users/robin.baertschi/projects/quiltprojectgen/build/osx-debug/CMakeFiles/CMakeTmp/src.c
Linking C executable cmTC_125c2
/usr/local/Cellar/cmake/3.23.1/bin/cmake -E cmake_link_script CMakeFiles/cmTC_125c2.dir/link.txt --verbose=1
/Library/Developer/CommandLineTools/usr/bin/cc -D_GNU_SOURCE  -Werror -Wno-error -Wall -Wextra -fvisibility=hidden -fPIC -Wdocumentation -Wno-documentation-deprecated-sync -Wno-missing-field-initializers -Wmissing-declarations -Wstrict-aliasing -Wstrict-prototypes -Wdeclaration-after-statement -Wshift-count-overflow -Wunused-const-variable -Wunused-function -Wint-conversion  -isysroot /Library/Developer/CommandLineTools/SDKs/MacOSX11.3.sdk -Wl,-search_paths_first -Wl,-headerpad_max_install_names CMakeFiles/cmTC_125c2.dir/src.c.o -o cmTC_125c2 


Source file was:
int main(void) { return 0; }
Performing C SOURCE FILE Test IS_WFORMAT_SUPPORTED succeeded with the following output:
Change Dir: /Users/robin.baertschi/projects/quiltprojectgen/build/osx-debug/CMakeFiles/CMakeTmp

Run Build Command(s):/usr/bin/make -f Makefile cmTC_c087b/fast && /Library/Developer/CommandLineTools/usr/bin/make  -f CMakeFiles/cmTC_c087b.dir/build.make CMakeFiles/cmTC_c087b.dir/build
Building C object CMakeFiles/cmTC_c087b.dir/src.c.o
/Library/Developer/CommandLineTools/usr/bin/cc -DIS_WFORMAT_SUPPORTED  -D_GNU_SOURCE  -Werror -Wno-error -Wall -Wextra -fvisibility=hidden -fPIC -Wdocumentation -Wno-documentation-deprecated-sync -Wno-missing-field-initializers -Wmissing-declarations -Wstrict-aliasing -Wstrict-prototypes -Wdeclaration-after-statement -Wshift-count-overflow -Wunused-const-variable -Wunused-function -Wint-conversion -Wc11-extensions  -isysroot /Library/Developer/CommandLineTools/SDKs/MacOSX11.3.sdk   -Wformat -MD -MT CMakeFiles/cmTC_c087b.dir/src.c.o -MF CMakeFiles/cmTC_c087b.dir/src.c.o.d -o CMakeFiles/cmTC_c087b.dir/src.c.o -c /Users/robin.baertschi/projects/quiltprojectgen/build/osx-debug/CMakeFiles/CMakeTmp/src.c
Linking C executable cmTC_c087b
/usr/local/Cellar/cmake/3.23.1/bin/cmake -E cmake_link_script CMakeFiles/cmTC_c087b.dir/link.txt --verbose=1
/Library/Developer/CommandLineTools/usr/bin/cc -D_GNU_SOURCE  -Werror -Wno-error -Wall -Wextra -fvisibility=hidden -fPIC -Wdocumentation -Wno-documentation-deprecated-sync -Wno-missing-field-initializers -Wmissing-declarations -Wstrict-aliasing -Wstrict-prototypes -Wdeclaration-after-statement -Wshift-count-overflow -Wunused-const-variable -Wunused-function -Wint-conversion -Wc11-extensions  -isysroot /Library/Developer/CommandLineTools/SDKs/MacOSX11.3.sdk -Wl,-search_paths_first -Wl,-headerpad_max_install_names CMakeFiles/cmTC_c087b.dir/src.c.o -o cmTC_c087b 


Source file was:
int main(void) { return 0; }
Performing C SOURCE FILE Test IS_WFORMAT_SECURITY_SUPPORTED succeeded with the following output:
Change Dir: /Users/robin.baertschi/projects/quiltprojectgen/build/osx-debug/CMakeFiles/CMakeTmp

Run Build Command(s):/usr/bin/make -f Makefile cmTC_37787/fast && /Library/Developer/CommandLineTools/usr/bin/make  -f CMakeFiles/cmTC_37787.dir/build.make CMakeFiles/cmTC_37787.dir/build
Building C object CMakeFiles/cmTC_37787.dir/src.c.o
/Library/Developer/CommandLineTools/usr/bin/cc -DIS_WFORMAT_SECURITY_SUPPORTED  -D_GNU_SOURCE  -Werror -Wno-error -Wall -Wextra -fvisibility=hidden -fPIC -Wdocumentation -Wno-documentation-deprecated-sync -Wno-missing-field-initializers -Wmissing-declarations -Wstrict-aliasing -Wstrict-prototypes -Wdeclaration-after-statement -Wshift-count-overflow -Wunused-const-variable -Wunused-function -Wint-conversion -Wc11-extensions -Wformat  -isysroot /Library/Developer/CommandLineTools/SDKs/MacOSX11.3.sdk   -Wformat-security -MD -MT CMakeFiles/cmTC_37787.dir/src.c.o -MF CMakeFiles/cmTC_37787.dir/src.c.o.d -o CMakeFiles/cmTC_37787.dir/src.c.o -c /Users/robin.baertschi/projects/quiltprojectgen/build/osx-debug/CMakeFiles/CMakeTmp/src.c
Linking C executable cmTC_37787
/usr/local/Cellar/cmake/3.23.1/bin/cmake -E cmake_link_script CMakeFiles/cmTC_37787.dir/link.txt --verbose=1
/Library/Developer/CommandLineTools/usr/bin/cc -D_GNU_SOURCE  -Werror -Wno-error -Wall -Wextra -fvisibility=hidden -fPIC -Wdocumentation -Wno-documentation-deprecated-sync -Wno-missing-field-initializers -Wmissing-declarations -Wstrict-aliasing -Wstrict-prototypes -Wdeclaration-after-statement -Wshift-count-overflow -Wunused-const-variable -Wunused-function -Wint-conversion -Wc11-extensions -Wformat  -isysroot /Library/Developer/CommandLineTools/SDKs/MacOSX11.3.sdk -Wl,-search_paths_first -Wl,-headerpad_max_install_names CMakeFiles/cmTC_37787.dir/src.c.o -o cmTC_37787 


Source file was:
int main(void) { return 0; }
Determining if the function SSLCreateContext exists in the /Library/Developer/CommandLineTools/SDKs/MacOSX11.3.sdk/System/Library/Frameworks/Security.framework passed with the following output:
Change Dir: /Users/robin.baertschi/projects/quiltprojectgen/build/osx-debug/CMakeFiles/CMakeTmp

Run Build Command(s):/usr/bin/make -f Makefile cmTC_48fac/fast && /Library/Developer/CommandLineTools/usr/bin/make  -f CMakeFiles/cmTC_48fac.dir/build.make CMakeFiles/cmTC_48fac.dir/build
Building C object CMakeFiles/cmTC_48fac.dir/CheckFunctionExists.c.o
/Library/Developer/CommandLineTools/usr/bin/cc   -D_GNU_SOURCE  -Werror -Wno-error -Wall -Wextra -fvisibility=hidden -fPIC -Wdocumentation -Wno-documentation-deprecated-sync -Wno-missing-field-initializers -Wmissing-declarations -Wstrict-aliasing -Wstrict-prototypes -Wdeclaration-after-statement -Wshift-count-overflow -Wunused-const-variable -Wunused-function -Wint-conversion -Wc11-extensions -Wformat -Wformat-security -DCHECK_FUNCTION_EXISTS=SSLCreateContext -isysroot /Library/Developer/CommandLineTools/SDKs/MacOSX11.3.sdk -MD -MT CMakeFiles/cmTC_48fac.dir/CheckFunctionExists.c.o -MF CMakeFiles/cmTC_48fac.dir/CheckFunctionExists.c.o.d -o CMakeFiles/cmTC_48fac.dir/CheckFunctionExists.c.o -c /usr/local/Cellar/cmake/3.23.1/share/cmake/Modules/CheckFunctionExists.c
Linking C executable cmTC_48fac
/usr/local/Cellar/cmake/3.23.1/bin/cmake -E cmake_link_script CMakeFiles/cmTC_48fac.dir/link.txt --verbose=1
/Library/Developer/CommandLineTools/usr/bin/cc -D_GNU_SOURCE  -Werror -Wno-error -Wall -Wextra -fvisibility=hidden -fPIC -Wdocumentation -Wno-documentation-deprecated-sync -Wno-missing-field-initializers -Wmissing-declarations -Wstrict-aliasing -Wstrict-prototypes -Wdeclaration-after-statement -Wshift-count-overflow -Wunused-const-variable -Wunused-function -Wint-conversion -Wc11-extensions -Wformat -Wformat-security -DCHECK_FUNCTION_EXISTS=SSLCreateContext -isysroot /Library/Developer/CommandLineTools/SDKs/MacOSX11.3.sdk -Wl,-search_paths_first -Wl,-headerpad_max_install_names CMakeFiles/cmTC_48fac.dir/CheckFunctionExists.c.o -o cmTC_48fac   -L/Users/robin.baertschi/projects/quiltprojectgen/build/osx-debug/CMakeFiles/CMakeTmp/Security/SecureTransport.h  -Wl,-rpath,/Users/robin.baertschi/projects/quiltprojectgen/build/osx-debug/CMakeFiles/CMakeTmp/Security/SecureTransport.h -framework Security 
ld: warning: directory not found for option '-L/Users/robin.baertschi/projects/quiltprojectgen/build/osx-debug/CMakeFiles/CMakeTmp/Security/SecureTransport.h'



Determining if the regcomp_l exist passed with the following output:
Change Dir: /Users/robin.baertschi/projects/quiltprojectgen/build/osx-debug/CMakeFiles/CMakeTmp

Run Build Command(s):/usr/bin/make -f Makefile cmTC_a1203/fast && /Library/Developer/CommandLineTools/usr/bin/make  -f CMakeFiles/cmTC_a1203.dir/build.make CMakeFiles/cmTC_a1203.dir/build
Building C object CMakeFiles/cmTC_a1203.dir/CheckSymbolExists.c.o
/Library/Developer/CommandLineTools/usr/bin/cc   -D_GNU_SOURCE  -Wall -Wextra -fvisibility=hidden -fPIC -Wdocumentation -Wno-documentation-deprecated-sync -Wno-missing-field-initializers -Wmissing-declarations -Wstrict-aliasing -Wstrict-prototypes -Wdeclaration-after-statement -Wshift-count-overflow -Wunused-const-variable -Wunused-function -Wint-conversion -Wc11-extensions -Wformat -Wformat-security  -isysroot /Library/Developer/CommandLineTools/SDKs/MacOSX11.3.sdk -MD -MT CMakeFiles/cmTC_a1203.dir/CheckSymbolExists.c.o -MF CMakeFiles/cmTC_a1203.dir/CheckSymbolExists.c.o.d -o CMakeFiles/cmTC_a1203.dir/CheckSymbolExists.c.o -c /Users/robin.baertschi/projects/quiltprojectgen/build/osx-debug/CMakeFiles/CMakeTmp/CheckSymbolExists.c
Linking C executable cmTC_a1203
/usr/local/Cellar/cmake/3.23.1/bin/cmake -E cmake_link_script CMakeFiles/cmTC_a1203.dir/link.txt --verbose=1
/Library/Developer/CommandLineTools/usr/bin/cc -D_GNU_SOURCE  -Wall -Wextra -fvisibility=hidden -fPIC -Wdocumentation -Wno-documentation-deprecated-sync -Wno-missing-field-initializers -Wmissing-declarations -Wstrict-aliasing -Wstrict-prototypes -Wdeclaration-after-statement -Wshift-count-overflow -Wunused-const-variable -Wunused-function -Wint-conversion -Wc11-extensions -Wformat -Wformat-security  -isysroot /Library/Developer/CommandLineTools/SDKs/MacOSX11.3.sdk -Wl,-search_paths_first -Wl,-headerpad_max_install_names CMakeFiles/cmTC_a1203.dir/CheckSymbolExists.c.o -o cmTC_a1203 


File /Users/robin.baertschi/projects/quiltprojectgen/build/osx-debug/CMakeFiles/CMakeTmp/CheckSymbolExists.c:
/* */
#include <regex.h>
#include <xlocale.h>

int main(int argc, char** argv)
{
  (void)argv;
#ifndef regcomp_l
  return ((int*)(&regcomp_l))[argc];
#else
  (void)argc;
  return 0;
#endif
}
Determining if the prototype qsort_r exists for GIT_QSORT_R_BSD passed with the following output:
Change Dir: /Users/robin.baertschi/projects/quiltprojectgen/build/osx-debug/CMakeFiles/CMakeTmp

Run Build Command(s):/usr/bin/make -f Makefile cmTC_27505/fast && /Library/Developer/CommandLineTools/usr/bin/make  -f CMakeFiles/cmTC_27505.dir/build.make CMakeFiles/cmTC_27505.dir/build
Building C object CMakeFiles/cmTC_27505.dir/CheckPrototypeDefinition.c.o
/Library/Developer/CommandLineTools/usr/bin/cc   -D_GNU_SOURCE  -Werror -Wno-error -Wall -Wextra -fvisibility=hidden -fPIC -Wdocumentation -Wno-documentation-deprecated-sync -Wno-missing-field-initializers -Wmissing-declarations -Wstrict-aliasing -Wstrict-prototypes -Wdeclaration-after-statement -Wshift-count-overflow -Wunused-const-variable -Wunused-function -Wint-conversion -Wc11-extensions -Wformat -Wformat-security  -isysroot /Library/Developer/CommandLineTools/SDKs/MacOSX11.3.sdk -MD -MT CMakeFiles/cmTC_27505.dir/CheckPrototypeDefinition.c.o -MF CMakeFiles/cmTC_27505.dir/CheckPrototypeDefinition.c.o.d -o CMakeFiles/cmTC_27505.dir/CheckPrototypeDefinition.c.o -c /Users/robin.baertschi/projects/quiltprojectgen/build/osx-debug/CMakeFiles/CMakeTmp/CheckPrototypeDefinition.c
/Users/robin.baertschi/projects/quiltprojectgen/build/osx-debug/CMakeFiles/CMakeTmp/CheckPrototypeDefinition.c:14:20: warning: unused parameter 'base' [-Wunused-parameter]
void qsort_r(void *base, size_t nmemb, size_t size, void *thunk, int (*compar)(void *, const void *, const void *)) {
                   ^
/Users/robin.baertschi/projects/quiltprojectgen/build/osx-debug/CMakeFiles/CMakeTmp/CheckPrototypeDefinition.c:14:33: warning: unused parameter 'nmemb' [-Wunused-parameter]
void qsort_r(void *base, size_t nmemb, size_t size, void *thunk, int (*compar)(void *, const void *, const void *)) {
                                ^
/Users/robin.baertschi/projects/quiltprojectgen/build/osx-debug/CMakeFiles/CMakeTmp/CheckPrototypeDefinition.c:14:47: warning: unused parameter 'size' [-Wunused-parameter]
void qsort_r(void *base, size_t nmemb, size_t size, void *thunk, int (*compar)(void *, const void *, const void *)) {
                                              ^
/Users/robin.baertschi/projects/quiltprojectgen/build/osx-debug/CMakeFiles/CMakeTmp/CheckPrototypeDefinition.c:14:59: warning: unused parameter 'thunk' [-Wunused-parameter]
void qsort_r(void *base, size_t nmemb, size_t size, void *thunk, int (*compar)(void *, const void *, const void *)) {
                                                          ^
/Users/robin.baertschi/projects/quiltprojectgen/build/osx-debug/CMakeFiles/CMakeTmp/CheckPrototypeDefinition.c:14:72: warning: unused parameter 'compar' [-Wunused-parameter]
void qsort_r(void *base, size_t nmemb, size_t size, void *thunk, int (*compar)(void *, const void *, const void *)) {
                                                                       ^
5 warnings generated.
Linking C executable cmTC_27505
/usr/local/Cellar/cmake/3.23.1/bin/cmake -E cmake_link_script CMakeFiles/cmTC_27505.dir/link.txt --verbose=1
/Library/Developer/CommandLineTools/usr/bin/cc -D_GNU_SOURCE  -Werror -Wno-error -Wall -Wextra -fvisibility=hidden -fPIC -Wdocumentation -Wno-documentation-deprecated-sync -Wno-missing-field-initializers -Wmissing-declarations -Wstrict-aliasing -Wstrict-prototypes -Wdeclaration-after-statement -Wshift-count-overflow -Wunused-const-variable -Wunused-function -Wint-conversion -Wc11-extensions -Wformat -Wformat-security  -isysroot /Library/Developer/CommandLineTools/SDKs/MacOSX11.3.sdk -Wl,-search_paths_first -Wl,-headerpad_max_install_names CMakeFiles/cmTC_27505.dir/CheckPrototypeDefinition.c.o -o cmTC_27505 



Performing C SOURCE FILE Test IS_WNO_IMPLICIT_FALLTHROUGH_SUPPORTED succeeded with the following output:
Change Dir: /Users/robin.baertschi/projects/quiltprojectgen/build/osx-debug/CMakeFiles/CMakeTmp

Run Build Command(s):/usr/bin/make -f Makefile cmTC_00a5d/fast && /Library/Developer/CommandLineTools/usr/bin/make  -f CMakeFiles/cmTC_00a5d.dir/build.make CMakeFiles/cmTC_00a5d.dir/build
Building C object CMakeFiles/cmTC_00a5d.dir/src.c.o
/Library/Developer/CommandLineTools/usr/bin/cc -DIS_WNO_IMPLICIT_FALLTHROUGH_SUPPORTED  -D_GNU_SOURCE  -Werror -Wno-error -Wall -Wextra -fvisibility=hidden -fPIC -Wdocumentation -Wno-documentation-deprecated-sync -Wno-missing-field-initializers -Wmissing-declarations -Wstrict-aliasing -Wstrict-prototypes -Wdeclaration-after-statement -Wshift-count-overflow -Wunused-const-variable -Wunused-function -Wint-conversion -Wc11-extensions -Wformat -Wformat-security  -isysroot /Library/Developer/CommandLineTools/SDKs/MacOSX11.3.sdk   -Wno-implicit-fallthrough -MD -MT CMakeFiles/cmTC_00a5d.dir/src.c.o -MF CMakeFiles/cmTC_00a5d.dir/src.c.o.d -o CMakeFiles/cmTC_00a5d.dir/src.c.o -c /Users/robin.baertschi/projects/quiltprojectgen/build/osx-debug/CMakeFiles/CMakeTmp/src.c
Linking C executable cmTC_00a5d
/usr/local/Cellar/cmake/3.23.1/bin/cmake -E cmake_link_script CMakeFiles/cmTC_00a5d.dir/link.txt --verbose=1
/Library/Developer/CommandLineTools/usr/bin/cc -D_GNU_SOURCE  -Werror -Wno-error -Wall -Wextra -fvisibility=hidden -fPIC -Wdocumentation -Wno-documentation-deprecated-sync -Wno-missing-field-initializers -Wmissing-declarations -Wstrict-aliasing -Wstrict-prototypes -Wdeclaration-after-statement -Wshift-count-overflow -Wunused-const-variable -Wunused-function -Wint-conversion -Wc11-extensions -Wformat -Wformat-security  -isysroot /Library/Developer/CommandLineTools/SDKs/MacOSX11.3.sdk -Wl,-search_paths_first -Wl,-headerpad_max_install_names CMakeFiles/cmTC_00a5d.dir/src.c.o -o cmTC_00a5d 


Source file was:
int main(void) { return 0; }
